ARM GAS  /tmp/ccHGJOYC.s 			page 1


   1              		.cpu cortex-m4
   2              		.eabi_attribute 27, 1
   3              		.eabi_attribute 28, 1
   4              		.eabi_attribute 20, 1
   5              		.eabi_attribute 21, 1
   6              		.eabi_attribute 23, 3
   7              		.eabi_attribute 24, 1
   8              		.eabi_attribute 25, 1
   9              		.eabi_attribute 26, 1
  10              		.eabi_attribute 30, 2
  11              		.eabi_attribute 34, 1
  12              		.eabi_attribute 18, 4
  13              		.file	"fdcan.c"
  14              		.text
  15              	.Ltext0:
  16              		.cfi_sections	.debug_frame
  17              		.section	.text.MX_FDCAN3_Init,"ax",%progbits
  18              		.align	1
  19              		.p2align 2,,3
  20              		.global	MX_FDCAN3_Init
  21              		.arch armv7e-m
  22              		.syntax unified
  23              		.thumb
  24              		.thumb_func
  25              		.fpu fpv4-sp-d16
  27              	MX_FDCAN3_Init:
  28              	.LFB925:
  29              		.file 1 "Core/Src/fdcan.c"
   1:Core/Src/fdcan.c **** /**
   2:Core/Src/fdcan.c ****   ******************************************************************************
   3:Core/Src/fdcan.c ****   * File Name          : FDCAN.c
   4:Core/Src/fdcan.c ****   * Description        : This file provides code for the configuration
   5:Core/Src/fdcan.c ****   *                      of the FDCAN instances.
   6:Core/Src/fdcan.c ****   ******************************************************************************
   7:Core/Src/fdcan.c ****   * @attention
   8:Core/Src/fdcan.c ****   *
   9:Core/Src/fdcan.c ****   * <h2><center>&copy; Copyright (c) 2020 STMicroelectronics.
  10:Core/Src/fdcan.c ****   * All rights reserved.</center></h2>
  11:Core/Src/fdcan.c ****   *
  12:Core/Src/fdcan.c ****   * This software component is licensed by ST under Ultimate Liberty license
  13:Core/Src/fdcan.c ****   * SLA0044, the "License"; You may not use this file except in compliance with
  14:Core/Src/fdcan.c ****   * the License. You may obtain a copy of the License at:
  15:Core/Src/fdcan.c ****   *                             www.st.com/SLA0044
  16:Core/Src/fdcan.c ****   *
  17:Core/Src/fdcan.c ****   ******************************************************************************
  18:Core/Src/fdcan.c ****   */
  19:Core/Src/fdcan.c **** 
  20:Core/Src/fdcan.c **** /* Includes ------------------------------------------------------------------*/
  21:Core/Src/fdcan.c **** #include "fdcan.h"
  22:Core/Src/fdcan.c **** 
  23:Core/Src/fdcan.c **** /* USER CODE BEGIN 0 */
  24:Core/Src/fdcan.c **** 
  25:Core/Src/fdcan.c **** /* USER CODE END 0 */
  26:Core/Src/fdcan.c **** 
  27:Core/Src/fdcan.c **** FDCAN_HandleTypeDef hfdcan3;
  28:Core/Src/fdcan.c **** 
  29:Core/Src/fdcan.c **** /* FDCAN3 init function */
ARM GAS  /tmp/ccHGJOYC.s 			page 2


  30:Core/Src/fdcan.c **** void MX_FDCAN3_Init(void)
  31:Core/Src/fdcan.c **** {
  30              		.loc 1 31 1 view -0
  31              		.cfi_startproc
  32              		@ args = 0, pretend = 0, frame = 0
  33              		@ frame_needed = 0, uses_anonymous_args = 0
  32:Core/Src/fdcan.c **** 
  33:Core/Src/fdcan.c ****   hfdcan3.Instance = FDCAN3;
  34              		.loc 1 33 3 view .LVU1
  35              		.loc 1 33 20 is_stmt 0 view .LVU2
  36 0000 0F48     		ldr	r0, .L6
  37 0002 104B     		ldr	r3, .L6+4
  34:Core/Src/fdcan.c ****   hfdcan3.Init.FrameFormat = FDCAN_FRAME_FD_NO_BRS;
  35:Core/Src/fdcan.c ****   hfdcan3.Init.Mode = FDCAN_MODE_NORMAL;
  38              		.loc 1 35 21 view .LVU3
  39 0004 0022     		movs	r2, #0
  31:Core/Src/fdcan.c **** 
  40              		.loc 1 31 1 view .LVU4
  41 0006 10B5     		push	{r4, lr}
  42              	.LCFI0:
  43              		.cfi_def_cfa_offset 8
  44              		.cfi_offset 4, -8
  45              		.cfi_offset 14, -4
  36:Core/Src/fdcan.c ****   hfdcan3.Init.AutoRetransmission = DISABLE;
  37:Core/Src/fdcan.c ****   hfdcan3.Init.TransmitPause = DISABLE;
  38:Core/Src/fdcan.c ****   hfdcan3.Init.ProtocolException = DISABLE;
  39:Core/Src/fdcan.c ****   hfdcan3.Init.NominalPrescaler = 1;
  40:Core/Src/fdcan.c ****   hfdcan3.Init.NominalSyncJumpWidth = 1;
  41:Core/Src/fdcan.c ****   hfdcan3.Init.NominalTimeSeg1 = 2;
  46              		.loc 1 41 32 view .LVU5
  47 0008 0221     		movs	r1, #2
  33:Core/Src/fdcan.c ****   hfdcan3.Init.FrameFormat = FDCAN_FRAME_FD_NO_BRS;
  48              		.loc 1 33 20 view .LVU6
  49 000a 0360     		str	r3, [r0]
  34:Core/Src/fdcan.c ****   hfdcan3.Init.Mode = FDCAN_MODE_NORMAL;
  50              		.loc 1 34 3 is_stmt 1 view .LVU7
  35:Core/Src/fdcan.c ****   hfdcan3.Init.AutoRetransmission = DISABLE;
  51              		.loc 1 35 3 view .LVU8
  36:Core/Src/fdcan.c ****   hfdcan3.Init.TransmitPause = DISABLE;
  52              		.loc 1 36 3 view .LVU9
  37:Core/Src/fdcan.c ****   hfdcan3.Init.ProtocolException = DISABLE;
  53              		.loc 1 37 3 view .LVU10
  38:Core/Src/fdcan.c ****   hfdcan3.Init.NominalPrescaler = 1;
  54              		.loc 1 38 3 view .LVU11
  34:Core/Src/fdcan.c ****   hfdcan3.Init.Mode = FDCAN_MODE_NORMAL;
  55              		.loc 1 34 28 is_stmt 0 view .LVU12
  56 000c 4FF48074 		mov	r4, #256
  39:Core/Src/fdcan.c ****   hfdcan3.Init.NominalSyncJumpWidth = 1;
  57              		.loc 1 39 33 view .LVU13
  58 0010 0123     		movs	r3, #1
  36:Core/Src/fdcan.c ****   hfdcan3.Init.TransmitPause = DISABLE;
  59              		.loc 1 36 35 view .LVU14
  60 0012 0282     		strh	r2, [r0, #16]	@ movhi
  35:Core/Src/fdcan.c ****   hfdcan3.Init.AutoRetransmission = DISABLE;
  61              		.loc 1 35 21 view .LVU15
  62 0014 C0E90242 		strd	r4, r2, [r0, #8]
  42:Core/Src/fdcan.c ****   hfdcan3.Init.NominalTimeSeg2 = 2;
ARM GAS  /tmp/ccHGJOYC.s 			page 3


  43:Core/Src/fdcan.c ****   hfdcan3.Init.DataPrescaler = 1;
  44:Core/Src/fdcan.c ****   hfdcan3.Init.DataSyncJumpWidth = 1;
  45:Core/Src/fdcan.c ****   hfdcan3.Init.DataTimeSeg1 = 1;
  46:Core/Src/fdcan.c ****   hfdcan3.Init.DataTimeSeg2 = 1;
  47:Core/Src/fdcan.c ****   hfdcan3.Init.StdFiltersNbr = 0;
  48:Core/Src/fdcan.c ****   hfdcan3.Init.ExtFiltersNbr = 0;
  63              		.loc 1 48 30 view .LVU16
  64 0018 C0E90D22 		strd	r2, r2, [r0, #52]
  40:Core/Src/fdcan.c ****   hfdcan3.Init.NominalTimeSeg1 = 2;
  65              		.loc 1 40 37 view .LVU17
  66 001c C0E90533 		strd	r3, r3, [r0, #20]
  44:Core/Src/fdcan.c ****   hfdcan3.Init.DataTimeSeg1 = 1;
  67              		.loc 1 44 34 view .LVU18
  68 0020 C0E90933 		strd	r3, r3, [r0, #36]
  46:Core/Src/fdcan.c ****   hfdcan3.Init.StdFiltersNbr = 0;
  69              		.loc 1 46 29 view .LVU19
  70 0024 C0E90B33 		strd	r3, r3, [r0, #44]
  42:Core/Src/fdcan.c ****   hfdcan3.Init.DataPrescaler = 1;
  71              		.loc 1 42 32 view .LVU20
  72 0028 C0E90711 		strd	r1, r1, [r0, #28]
  38:Core/Src/fdcan.c ****   hfdcan3.Init.NominalPrescaler = 1;
  73              		.loc 1 38 34 view .LVU21
  74 002c 8274     		strb	r2, [r0, #18]
  39:Core/Src/fdcan.c ****   hfdcan3.Init.NominalSyncJumpWidth = 1;
  75              		.loc 1 39 3 is_stmt 1 view .LVU22
  41:Core/Src/fdcan.c ****   hfdcan3.Init.NominalTimeSeg2 = 2;
  76              		.loc 1 41 3 view .LVU23
  43:Core/Src/fdcan.c ****   hfdcan3.Init.DataSyncJumpWidth = 1;
  77              		.loc 1 43 3 view .LVU24
  44:Core/Src/fdcan.c ****   hfdcan3.Init.DataTimeSeg1 = 1;
  78              		.loc 1 44 3 view .LVU25
  45:Core/Src/fdcan.c ****   hfdcan3.Init.DataTimeSeg2 = 1;
  79              		.loc 1 45 3 view .LVU26
  46:Core/Src/fdcan.c ****   hfdcan3.Init.StdFiltersNbr = 0;
  80              		.loc 1 46 3 view .LVU27
  47:Core/Src/fdcan.c ****   hfdcan3.Init.ExtFiltersNbr = 0;
  81              		.loc 1 47 3 view .LVU28
  82              		.loc 1 48 3 view .LVU29
  49:Core/Src/fdcan.c ****   hfdcan3.Init.TxFifoQueueMode = FDCAN_TX_FIFO_OPERATION;
  83              		.loc 1 49 3 view .LVU30
  50:Core/Src/fdcan.c ****   if (HAL_FDCAN_Init(&hfdcan3) != HAL_OK)
  84              		.loc 1 50 3 view .LVU31
  49:Core/Src/fdcan.c ****   hfdcan3.Init.TxFifoQueueMode = FDCAN_TX_FIFO_OPERATION;
  85              		.loc 1 49 32 is_stmt 0 view .LVU32
  86 002e C263     		str	r2, [r0, #60]
  87              		.loc 1 50 7 view .LVU33
  88 0030 FFF7FEFF 		bl	HAL_FDCAN_Init
  89              	.LVL0:
  90              		.loc 1 50 6 view .LVU34
  91 0034 00B9     		cbnz	r0, .L5
  51:Core/Src/fdcan.c ****   {
  52:Core/Src/fdcan.c ****     Error_Handler();
  53:Core/Src/fdcan.c ****   }
  54:Core/Src/fdcan.c **** 
  55:Core/Src/fdcan.c **** }
  92              		.loc 1 55 1 view .LVU35
  93 0036 10BD     		pop	{r4, pc}
ARM GAS  /tmp/ccHGJOYC.s 			page 4


  94              	.L5:
  52:Core/Src/fdcan.c ****   }
  95              		.loc 1 52 5 is_stmt 1 view .LVU36
  96              		.loc 1 55 1 is_stmt 0 view .LVU37
  97 0038 BDE81040 		pop	{r4, lr}
  98              	.LCFI1:
  99              		.cfi_restore 14
 100              		.cfi_restore 4
 101              		.cfi_def_cfa_offset 0
  52:Core/Src/fdcan.c ****   }
 102              		.loc 1 52 5 view .LVU38
 103 003c FFF7FEBF 		b	Error_Handler
 104              	.LVL1:
 105              	.L7:
 106              		.align	2
 107              	.L6:
 108 0040 00000000 		.word	hfdcan3
 109 0044 006C0040 		.word	1073769472
 110              		.cfi_endproc
 111              	.LFE925:
 113              		.section	.text.HAL_FDCAN_MspInit,"ax",%progbits
 114              		.align	1
 115              		.p2align 2,,3
 116              		.global	HAL_FDCAN_MspInit
 117              		.syntax unified
 118              		.thumb
 119              		.thumb_func
 120              		.fpu fpv4-sp-d16
 122              	HAL_FDCAN_MspInit:
 123              	.LVL2:
 124              	.LFB926:
  56:Core/Src/fdcan.c **** 
  57:Core/Src/fdcan.c **** void HAL_FDCAN_MspInit(FDCAN_HandleTypeDef* fdcanHandle)
  58:Core/Src/fdcan.c **** {
 125              		.loc 1 58 1 is_stmt 1 view -0
 126              		.cfi_startproc
 127              		@ args = 0, pretend = 0, frame = 32
 128              		@ frame_needed = 0, uses_anonymous_args = 0
  59:Core/Src/fdcan.c **** 
  60:Core/Src/fdcan.c ****   GPIO_InitTypeDef GPIO_InitStruct = {0};
 129              		.loc 1 60 3 view .LVU40
  58:Core/Src/fdcan.c **** 
 130              		.loc 1 58 1 is_stmt 0 view .LVU41
 131 0000 70B5     		push	{r4, r5, r6, lr}
 132              	.LCFI2:
 133              		.cfi_def_cfa_offset 16
 134              		.cfi_offset 4, -16
 135              		.cfi_offset 5, -12
 136              		.cfi_offset 6, -8
 137              		.cfi_offset 14, -4
  61:Core/Src/fdcan.c ****   if(fdcanHandle->Instance==FDCAN3)
 138              		.loc 1 61 5 view .LVU42
 139 0002 0168     		ldr	r1, [r0]
 140 0004 164A     		ldr	r2, .L12
  58:Core/Src/fdcan.c **** 
 141              		.loc 1 58 1 view .LVU43
 142 0006 88B0     		sub	sp, sp, #32
ARM GAS  /tmp/ccHGJOYC.s 			page 5


 143              	.LCFI3:
 144              		.cfi_def_cfa_offset 48
  60:Core/Src/fdcan.c ****   if(fdcanHandle->Instance==FDCAN3)
 145              		.loc 1 60 20 view .LVU44
 146 0008 0023     		movs	r3, #0
 147              		.loc 1 61 5 view .LVU45
 148 000a 9142     		cmp	r1, r2
  60:Core/Src/fdcan.c ****   if(fdcanHandle->Instance==FDCAN3)
 149              		.loc 1 60 20 view .LVU46
 150 000c CDE90333 		strd	r3, r3, [sp, #12]
 151 0010 CDE90533 		strd	r3, r3, [sp, #20]
 152 0014 0793     		str	r3, [sp, #28]
 153              		.loc 1 61 3 is_stmt 1 view .LVU47
 154              		.loc 1 61 5 is_stmt 0 view .LVU48
 155 0016 01D0     		beq	.L11
  62:Core/Src/fdcan.c ****   {
  63:Core/Src/fdcan.c ****   /* USER CODE BEGIN FDCAN3_MspInit 0 */
  64:Core/Src/fdcan.c **** 
  65:Core/Src/fdcan.c ****   /* USER CODE END FDCAN3_MspInit 0 */
  66:Core/Src/fdcan.c ****     /* FDCAN3 clock enable */
  67:Core/Src/fdcan.c ****     __HAL_RCC_FDCAN_CLK_ENABLE();
  68:Core/Src/fdcan.c **** 
  69:Core/Src/fdcan.c ****     __HAL_RCC_GPIOB_CLK_ENABLE();
  70:Core/Src/fdcan.c ****     /**FDCAN3 GPIO Configuration
  71:Core/Src/fdcan.c ****     PB3     ------> FDCAN3_RX
  72:Core/Src/fdcan.c ****     PB4     ------> FDCAN3_TX
  73:Core/Src/fdcan.c ****     */
  74:Core/Src/fdcan.c ****     GPIO_InitStruct.Pin = GPIO_PIN_3|GPIO_PIN_4;
  75:Core/Src/fdcan.c ****     GPIO_InitStruct.Mode = GPIO_MODE_AF_PP;
  76:Core/Src/fdcan.c ****     GPIO_InitStruct.Pull = GPIO_NOPULL;
  77:Core/Src/fdcan.c ****     GPIO_InitStruct.Speed = GPIO_SPEED_FREQ_LOW;
  78:Core/Src/fdcan.c ****     GPIO_InitStruct.Alternate = GPIO_AF11_FDCAN3;
  79:Core/Src/fdcan.c ****     HAL_GPIO_Init(GPIOB, &GPIO_InitStruct);
  80:Core/Src/fdcan.c **** 
  81:Core/Src/fdcan.c ****   /* USER CODE BEGIN FDCAN3_MspInit 1 */
  82:Core/Src/fdcan.c **** 
  83:Core/Src/fdcan.c ****   /* USER CODE END FDCAN3_MspInit 1 */
  84:Core/Src/fdcan.c ****   }
  85:Core/Src/fdcan.c **** }
 156              		.loc 1 85 1 view .LVU49
 157 0018 08B0     		add	sp, sp, #32
 158              	.LCFI4:
 159              		.cfi_remember_state
 160              		.cfi_def_cfa_offset 16
 161              		@ sp needed
 162 001a 70BD     		pop	{r4, r5, r6, pc}
 163              	.L11:
 164              	.LCFI5:
 165              		.cfi_restore_state
  67:Core/Src/fdcan.c **** 
 166              		.loc 1 67 5 is_stmt 1 view .LVU50
 167              	.LBB2:
  67:Core/Src/fdcan.c **** 
 168              		.loc 1 67 5 view .LVU51
  67:Core/Src/fdcan.c **** 
 169              		.loc 1 67 5 view .LVU52
 170 001c 02F5D232 		add	r2, r2, #107520
ARM GAS  /tmp/ccHGJOYC.s 			page 6


 171              	.LBE2:
  79:Core/Src/fdcan.c **** 
 172              		.loc 1 79 5 is_stmt 0 view .LVU53
 173 0020 1048     		ldr	r0, .L12+4
 174              	.LVL3:
 175              	.LBB3:
  67:Core/Src/fdcan.c **** 
 176              		.loc 1 67 5 view .LVU54
 177 0022 916D     		ldr	r1, [r2, #88]
 178 0024 41F00071 		orr	r1, r1, #33554432
 179 0028 9165     		str	r1, [r2, #88]
  67:Core/Src/fdcan.c **** 
 180              		.loc 1 67 5 is_stmt 1 view .LVU55
 181 002a 916D     		ldr	r1, [r2, #88]
 182 002c 01F00071 		and	r1, r1, #33554432
 183 0030 0191     		str	r1, [sp, #4]
  67:Core/Src/fdcan.c **** 
 184              		.loc 1 67 5 view .LVU56
 185 0032 0199     		ldr	r1, [sp, #4]
 186              	.LBE3:
  67:Core/Src/fdcan.c **** 
 187              		.loc 1 67 5 view .LVU57
  69:Core/Src/fdcan.c ****     /**FDCAN3 GPIO Configuration
 188              		.loc 1 69 5 view .LVU58
 189              	.LBB4:
  69:Core/Src/fdcan.c ****     /**FDCAN3 GPIO Configuration
 190              		.loc 1 69 5 view .LVU59
  69:Core/Src/fdcan.c ****     /**FDCAN3 GPIO Configuration
 191              		.loc 1 69 5 view .LVU60
 192 0034 D16C     		ldr	r1, [r2, #76]
 193 0036 41F00201 		orr	r1, r1, #2
 194 003a D164     		str	r1, [r2, #76]
  69:Core/Src/fdcan.c ****     /**FDCAN3 GPIO Configuration
 195              		.loc 1 69 5 view .LVU61
 196 003c D26C     		ldr	r2, [r2, #76]
 197              	.LBE4:
  76:Core/Src/fdcan.c ****     GPIO_InitStruct.Speed = GPIO_SPEED_FREQ_LOW;
 198              		.loc 1 76 26 is_stmt 0 view .LVU62
 199 003e 0593     		str	r3, [sp, #20]
 200              	.LBB5:
  69:Core/Src/fdcan.c ****     /**FDCAN3 GPIO Configuration
 201              		.loc 1 69 5 view .LVU63
 202 0040 02F00202 		and	r2, r2, #2
 203 0044 0292     		str	r2, [sp, #8]
  69:Core/Src/fdcan.c ****     /**FDCAN3 GPIO Configuration
 204              		.loc 1 69 5 is_stmt 1 view .LVU64
 205              	.LBE5:
  79:Core/Src/fdcan.c **** 
 206              		.loc 1 79 5 is_stmt 0 view .LVU65
 207 0046 03A9     		add	r1, sp, #12
  78:Core/Src/fdcan.c ****     HAL_GPIO_Init(GPIOB, &GPIO_InitStruct);
 208              		.loc 1 78 31 view .LVU66
 209 0048 0B22     		movs	r2, #11
  74:Core/Src/fdcan.c ****     GPIO_InitStruct.Mode = GPIO_MODE_AF_PP;
 210              		.loc 1 74 25 view .LVU67
 211 004a 1825     		movs	r5, #24
  75:Core/Src/fdcan.c ****     GPIO_InitStruct.Pull = GPIO_NOPULL;
ARM GAS  /tmp/ccHGJOYC.s 			page 7


 212              		.loc 1 75 26 view .LVU68
 213 004c 0224     		movs	r4, #2
 214 004e CDE90354 		strd	r5, r4, [sp, #12]
 215              	.LBB6:
  69:Core/Src/fdcan.c ****     /**FDCAN3 GPIO Configuration
 216              		.loc 1 69 5 view .LVU69
 217 0052 029E     		ldr	r6, [sp, #8]
 218              	.LBE6:
  69:Core/Src/fdcan.c ****     /**FDCAN3 GPIO Configuration
 219              		.loc 1 69 5 is_stmt 1 view .LVU70
  74:Core/Src/fdcan.c ****     GPIO_InitStruct.Mode = GPIO_MODE_AF_PP;
 220              		.loc 1 74 5 view .LVU71
  76:Core/Src/fdcan.c ****     GPIO_InitStruct.Speed = GPIO_SPEED_FREQ_LOW;
 221              		.loc 1 76 5 view .LVU72
  77:Core/Src/fdcan.c ****     GPIO_InitStruct.Alternate = GPIO_AF11_FDCAN3;
 222              		.loc 1 77 5 view .LVU73
  78:Core/Src/fdcan.c ****     HAL_GPIO_Init(GPIOB, &GPIO_InitStruct);
 223              		.loc 1 78 5 view .LVU74
  77:Core/Src/fdcan.c ****     GPIO_InitStruct.Alternate = GPIO_AF11_FDCAN3;
 224              		.loc 1 77 27 is_stmt 0 view .LVU75
 225 0054 0693     		str	r3, [sp, #24]
  78:Core/Src/fdcan.c ****     HAL_GPIO_Init(GPIOB, &GPIO_InitStruct);
 226              		.loc 1 78 31 view .LVU76
 227 0056 0792     		str	r2, [sp, #28]
  79:Core/Src/fdcan.c **** 
 228              		.loc 1 79 5 is_stmt 1 view .LVU77
 229 0058 FFF7FEFF 		bl	HAL_GPIO_Init
 230              	.LVL4:
 231              		.loc 1 85 1 is_stmt 0 view .LVU78
 232 005c 08B0     		add	sp, sp, #32
 233              	.LCFI6:
 234              		.cfi_def_cfa_offset 16
 235              		@ sp needed
 236 005e 70BD     		pop	{r4, r5, r6, pc}
 237              	.L13:
 238              		.align	2
 239              	.L12:
 240 0060 006C0040 		.word	1073769472
 241 0064 00040048 		.word	1207960576
 242              		.cfi_endproc
 243              	.LFE926:
 245              		.section	.text.HAL_FDCAN_MspDeInit,"ax",%progbits
 246              		.align	1
 247              		.p2align 2,,3
 248              		.global	HAL_FDCAN_MspDeInit
 249              		.syntax unified
 250              		.thumb
 251              		.thumb_func
 252              		.fpu fpv4-sp-d16
 254              	HAL_FDCAN_MspDeInit:
 255              	.LVL5:
 256              	.LFB927:
  86:Core/Src/fdcan.c **** 
  87:Core/Src/fdcan.c **** void HAL_FDCAN_MspDeInit(FDCAN_HandleTypeDef* fdcanHandle)
  88:Core/Src/fdcan.c **** {
 257              		.loc 1 88 1 is_stmt 1 view -0
 258              		.cfi_startproc
ARM GAS  /tmp/ccHGJOYC.s 			page 8


 259              		@ args = 0, pretend = 0, frame = 0
 260              		@ frame_needed = 0, uses_anonymous_args = 0
 261              		@ link register save eliminated.
  89:Core/Src/fdcan.c **** 
  90:Core/Src/fdcan.c ****   if(fdcanHandle->Instance==FDCAN3)
 262              		.loc 1 90 3 view .LVU80
 263              		.loc 1 90 5 is_stmt 0 view .LVU81
 264 0000 064B     		ldr	r3, .L17
 265 0002 0268     		ldr	r2, [r0]
 266 0004 9A42     		cmp	r2, r3
 267 0006 00D0     		beq	.L16
  91:Core/Src/fdcan.c ****   {
  92:Core/Src/fdcan.c ****   /* USER CODE BEGIN FDCAN3_MspDeInit 0 */
  93:Core/Src/fdcan.c **** 
  94:Core/Src/fdcan.c ****   /* USER CODE END FDCAN3_MspDeInit 0 */
  95:Core/Src/fdcan.c ****     /* Peripheral clock disable */
  96:Core/Src/fdcan.c ****     __HAL_RCC_FDCAN_CLK_DISABLE();
  97:Core/Src/fdcan.c **** 
  98:Core/Src/fdcan.c ****     /**FDCAN3 GPIO Configuration
  99:Core/Src/fdcan.c ****     PB3     ------> FDCAN3_RX
 100:Core/Src/fdcan.c ****     PB4     ------> FDCAN3_TX
 101:Core/Src/fdcan.c ****     */
 102:Core/Src/fdcan.c ****     HAL_GPIO_DeInit(GPIOB, GPIO_PIN_3|GPIO_PIN_4);
 103:Core/Src/fdcan.c **** 
 104:Core/Src/fdcan.c ****   /* USER CODE BEGIN FDCAN3_MspDeInit 1 */
 105:Core/Src/fdcan.c **** 
 106:Core/Src/fdcan.c ****   /* USER CODE END FDCAN3_MspDeInit 1 */
 107:Core/Src/fdcan.c ****   }
 108:Core/Src/fdcan.c **** }
 268              		.loc 1 108 1 view .LVU82
 269 0008 7047     		bx	lr
 270              	.L16:
  96:Core/Src/fdcan.c **** 
 271              		.loc 1 96 5 is_stmt 1 view .LVU83
 272 000a 054A     		ldr	r2, .L17+4
 102:Core/Src/fdcan.c **** 
 273              		.loc 1 102 5 is_stmt 0 view .LVU84
 274 000c 0548     		ldr	r0, .L17+8
 275              	.LVL6:
  96:Core/Src/fdcan.c **** 
 276              		.loc 1 96 5 view .LVU85
 277 000e 936D     		ldr	r3, [r2, #88]
 278 0010 23F00073 		bic	r3, r3, #33554432
 279 0014 9365     		str	r3, [r2, #88]
 102:Core/Src/fdcan.c **** 
 280              		.loc 1 102 5 is_stmt 1 view .LVU86
 281 0016 1821     		movs	r1, #24
 282 0018 FFF7FEBF 		b	HAL_GPIO_DeInit
 283              	.LVL7:
 284              	.L18:
 285              		.align	2
 286              	.L17:
 287 001c 006C0040 		.word	1073769472
 288 0020 00100240 		.word	1073876992
 289 0024 00040048 		.word	1207960576
 290              		.cfi_endproc
 291              	.LFE927:
ARM GAS  /tmp/ccHGJOYC.s 			page 9


 293              		.comm	hfdcan3,100,4
 294              		.text
 295              	.Letext0:
 296              		.file 2 "/usr/lib/gcc/arm-none-eabi/9.2.1/include/stdint.h"
 297              		.file 3 "Drivers/CMSIS/Include/core_cm4.h"
 298              		.file 4 "Drivers/CMSIS/Device/ST/STM32G4xx/Include/system_stm32g4xx.h"
 299              		.file 5 "Drivers/CMSIS/Device/ST/STM32G4xx/Include/stm32g474xx.h"
 300              		.file 6 "Drivers/CMSIS/Device/ST/STM32G4xx/Include/stm32g4xx.h"
 301              		.file 7 "Drivers/STM32G4xx_HAL_Driver/Inc/stm32g4xx_hal_def.h"
 302              		.file 8 "Drivers/STM32G4xx_HAL_Driver/Inc/stm32g4xx_hal_gpio.h"
 303              		.file 9 "Drivers/STM32G4xx_HAL_Driver/Inc/stm32g4xx_hal_fdcan.h"
 304              		.file 10 "Drivers/STM32G4xx_HAL_Driver/Inc/stm32g4xx_hal_flash.h"
 305              		.file 11 "Drivers/STM32G4xx_HAL_Driver/Inc/stm32g4xx_hal_uart.h"
 306              		.file 12 "Drivers/STM32G4xx_HAL_Driver/Inc/stm32g4xx_hal.h"
 307              		.file 13 "Core/Inc/fdcan.h"
 308              		.file 14 "Drivers/STM32G4xx_HAL_Driver/Inc/stm32g4xx_ll_dma.h"
 309              		.file 15 "Core/Inc/main.h"
ARM GAS  /tmp/ccHGJOYC.s 			page 10


DEFINED SYMBOLS
                            *ABS*:0000000000000000 fdcan.c
     /tmp/ccHGJOYC.s:18     .text.MX_FDCAN3_Init:0000000000000000 $t
     /tmp/ccHGJOYC.s:27     .text.MX_FDCAN3_Init:0000000000000000 MX_FDCAN3_Init
     /tmp/ccHGJOYC.s:108    .text.MX_FDCAN3_Init:0000000000000040 $d
                            *COM*:0000000000000064 hfdcan3
     /tmp/ccHGJOYC.s:114    .text.HAL_FDCAN_MspInit:0000000000000000 $t
     /tmp/ccHGJOYC.s:122    .text.HAL_FDCAN_MspInit:0000000000000000 HAL_FDCAN_MspInit
     /tmp/ccHGJOYC.s:240    .text.HAL_FDCAN_MspInit:0000000000000060 $d
     /tmp/ccHGJOYC.s:246    .text.HAL_FDCAN_MspDeInit:0000000000000000 $t
     /tmp/ccHGJOYC.s:254    .text.HAL_FDCAN_MspDeInit:0000000000000000 HAL_FDCAN_MspDeInit
     /tmp/ccHGJOYC.s:287    .text.HAL_FDCAN_MspDeInit:000000000000001c $d

UNDEFINED SYMBOLS
HAL_FDCAN_Init
Error_Handler
HAL_GPIO_Init
HAL_GPIO_DeInit
