ARM GAS  /tmp/cc0wv2Ou.s 			page 1


   1              		.cpu cortex-m4
   2              		.eabi_attribute 27, 1
   3              		.eabi_attribute 28, 1
   4              		.eabi_attribute 20, 1
   5              		.eabi_attribute 21, 1
   6              		.eabi_attribute 23, 3
   7              		.eabi_attribute 24, 1
   8              		.eabi_attribute 25, 1
   9              		.eabi_attribute 26, 1
  10              		.eabi_attribute 30, 2
  11              		.eabi_attribute 34, 1
  12              		.eabi_attribute 18, 4
  13              		.file	"SerialHandler.cpp"
  14              		.text
  15              	.Ltext0:
  16              		.cfi_sections	.debug_frame
  17              		.section	.text.comms_thread_entry,"ax",%progbits
  18              		.align	1
  19              		.p2align 2,,3
  20              		.global	comms_thread_entry
  21              		.arch armv7e-m
  22              		.syntax unified
  23              		.thumb
  24              		.thumb_func
  25              		.fpu fpv4-sp-d16
  27              	comms_thread_entry:
  28              		.fnstart
  29              	.LFB2654:
  30              		.file 1 "NomadBLDC/SerialHandler.cpp"
   1:NomadBLDC/SerialHandler.cpp **** /*
   2:NomadBLDC/SerialHandler.cpp ****  * SerialHandler.cpp
   3:NomadBLDC/SerialHandler.cpp ****  *
   4:NomadBLDC/SerialHandler.cpp ****  *  Created on: March 19, 2020
   5:NomadBLDC/SerialHandler.cpp ****  *      Author: Quincy Jones
   6:NomadBLDC/SerialHandler.cpp ****  *
   7:NomadBLDC/SerialHandler.cpp ****  * Copyright (c) <2020> <Quincy Jones - quincy@implementedrobotics.com/>
   8:NomadBLDC/SerialHandler.cpp ****  * Permission is hereby granted, free of charge, to any person obtaining a
   9:NomadBLDC/SerialHandler.cpp ****  * copy of this software and associated documentation files (the "Software"),
  10:NomadBLDC/SerialHandler.cpp ****  * to deal in the Software without restriction, including without limitation
  11:NomadBLDC/SerialHandler.cpp ****  * the rights to use, copy, modify, merge, publish, distribute, sublicense,
  12:NomadBLDC/SerialHandler.cpp ****  * and/or sell copies of the Software, and to permit persons to whom the Software
  13:NomadBLDC/SerialHandler.cpp ****  * is furnished to do so, subject to the following conditions:
  14:NomadBLDC/SerialHandler.cpp ****  * The above copyright notice and this permission notice shall be included in all
  15:NomadBLDC/SerialHandler.cpp ****  * copies or substantial portions of the Software.
  16:NomadBLDC/SerialHandler.cpp ****  * THE SOFTWARE IS PROVIDED "AS IS", WITHOUT WARRANTY OF ANY KIND, EXPRESS OR
  17:NomadBLDC/SerialHandler.cpp ****  * IMPLIED, INCLUDING BUT NOT LIMITED TO THE WARRANTIES OF MERCHANTABILITY,
  18:NomadBLDC/SerialHandler.cpp ****  * FITNESS FOR A PARTICULAR PURPOSE AND NONINFRINGEMENT. IN NO EVENT SHALL THE
  19:NomadBLDC/SerialHandler.cpp ****  * AUTHORS OR COPYRIGHT HOLDERS BE LIABLE FOR ANY CLAIM, DAMAGES OR OTHER LIABILITY,
  20:NomadBLDC/SerialHandler.cpp ****  * WHETHER IN AN ACTION OF CONTRACT, TORT OR OTHERWISE, ARISING FROM, OUT OF OR IN
  21:NomadBLDC/SerialHandler.cpp ****  * CONNECTION WITH THE SOFTWARE OR THE USE OR OTHER DEALINGS IN THE SOFTWARE.
  22:NomadBLDC/SerialHandler.cpp ****  * 
  23:NomadBLDC/SerialHandler.cpp ****  */
  24:NomadBLDC/SerialHandler.cpp **** 
  25:NomadBLDC/SerialHandler.cpp **** // Primary Include
  26:NomadBLDC/SerialHandler.cpp **** #include "SerialHandler.h"
  27:NomadBLDC/SerialHandler.cpp **** 
  28:NomadBLDC/SerialHandler.cpp **** // C System Files
ARM GAS  /tmp/cc0wv2Ou.s 			page 2


  29:NomadBLDC/SerialHandler.cpp **** 
  30:NomadBLDC/SerialHandler.cpp **** // C++ System Files
  31:NomadBLDC/SerialHandler.cpp **** 
  32:NomadBLDC/SerialHandler.cpp **** // Project Includes
  33:NomadBLDC/SerialHandler.cpp **** #include "main.h"
  34:NomadBLDC/SerialHandler.cpp **** #include "cmsis_os.h"
  35:NomadBLDC/SerialHandler.cpp **** #include "shared.h"
  36:NomadBLDC/SerialHandler.cpp **** 
  37:NomadBLDC/SerialHandler.cpp **** // HDLC Handler    
  38:NomadBLDC/SerialHandler.cpp **** //HDLCHandler hdlc;
  39:NomadBLDC/SerialHandler.cpp **** 
  40:NomadBLDC/SerialHandler.cpp **** // Comms Event Loops
  41:NomadBLDC/SerialHandler.cpp **** 
  42:NomadBLDC/SerialHandler.cpp **** // C interface
  43:NomadBLDC/SerialHandler.cpp **** extern "C"
  44:NomadBLDC/SerialHandler.cpp **** {
  45:NomadBLDC/SerialHandler.cpp ****     void comms_thread_entry()
  46:NomadBLDC/SerialHandler.cpp ****     {
  31              		.loc 1 46 5 view -0
  32              		.cfi_startproc
  33              		@ args = 0, pretend = 0, frame = 0
  34              		@ frame_needed = 0, uses_anonymous_args = 0
  47:NomadBLDC/SerialHandler.cpp ****         // Reset Message Queues.  Not sure if this is actually necessary
  48:NomadBLDC/SerialHandler.cpp ****         osMessageQueueReset(uart_tx_dma_queue_id);
  35              		.loc 1 48 9 view .LVU1
  46:NomadBLDC/SerialHandler.cpp ****         // Reset Message Queues.  Not sure if this is actually necessary
  36              		.loc 1 46 5 is_stmt 0 view .LVU2
  37 0000 08B5     		push	{r3, lr}
  38              		.save {r3, lr}
  39              	.LCFI0:
  40              		.cfi_def_cfa_offset 8
  41              		.cfi_offset 3, -8
  42              		.cfi_offset 14, -4
  43              		.loc 1 48 28 view .LVU3
  44 0002 044B     		ldr	r3, .L5
  45 0004 1868     		ldr	r0, [r3]
  46 0006 FFF7FEFF 		bl	osMessageQueueReset
  47              	.LVL0:
  49:NomadBLDC/SerialHandler.cpp ****         osMessageQueueReset(uart_rx_dma_queue_id);
  48              		.loc 1 49 9 is_stmt 1 view .LVU4
  49              		.loc 1 49 28 is_stmt 0 view .LVU5
  50 000a 034B     		ldr	r3, .L5+4
  51 000c 1868     		ldr	r0, [r3]
  52 000e FFF7FEFF 		bl	osMessageQueueReset
  53              	.LVL1:
  54              	.L2:
  50:NomadBLDC/SerialHandler.cpp **** 
  51:NomadBLDC/SerialHandler.cpp ****         // 
  52:NomadBLDC/SerialHandler.cpp ****         for (;;)
  55              		.loc 1 52 9 is_stmt 1 discriminator 1 view .LVU6
  56              		.loc 1 52 9 discriminator 1 view .LVU7
  57              		.loc 1 52 9 discriminator 1 view .LVU8
  58              		.loc 1 52 9 discriminator 1 view .LVU9
  59 0012 FEE7     		b	.L2
  60              	.L6:
  61              		.align	2
  62              	.L5:
ARM GAS  /tmp/cc0wv2Ou.s 			page 3


  63 0014 00000000 		.word	.LANCHOR0
  64 0018 00000000 		.word	.LANCHOR1
  65              		.cfi_endproc
  66              	.LFE2654:
  67              		.fnend
  69              		.global	uart_tx_dma_buffer
  70              		.global	uart_rx_dma_buffer
  71              		.global	uart_tx_dma_queue_id
  72              		.global	uart_rx_dma_queue_id
  73              		.global	control_task_id
  74              		.global	comms_task_id
  75              		.section	.bss.comms_task_id,"aw",%nobits
  76              		.align	2
  79              	comms_task_id:
  80 0000 00000000 		.space	4
  81              		.section	.bss.control_task_id,"aw",%nobits
  82              		.align	2
  85              	control_task_id:
  86 0000 00000000 		.space	4
  87              		.section	.bss.uart_rx_dma_buffer,"aw",%nobits
  88              		.align	2
  91              	uart_rx_dma_buffer:
  92 0000 00000000 		.space	64
  92      00000000 
  92      00000000 
  92      00000000 
  92      00000000 
  93              		.section	.bss.uart_rx_dma_queue_id,"aw",%nobits
  94              		.align	2
  95              		.set	.LANCHOR1,. + 0
  98              	uart_rx_dma_queue_id:
  99 0000 00000000 		.space	4
 100              		.section	.bss.uart_tx_dma_buffer,"aw",%nobits
 101              		.align	2
 104              	uart_tx_dma_buffer:
 105 0000 00000000 		.space	64
 105      00000000 
 105      00000000 
 105      00000000 
 105      00000000 
 106              		.section	.bss.uart_tx_dma_queue_id,"aw",%nobits
 107              		.align	2
 108              		.set	.LANCHOR0,. + 0
 111              	uart_tx_dma_queue_id:
 112 0000 00000000 		.space	4
 113              		.text
 114              	.Letext0:
 115              		.file 2 "/usr/include/newlib/c++/9.2.1/type_traits"
 116              		.file 3 "/usr/include/newlib/c++/9.2.1/arm-none-eabi/thumb/v7e-m+fp/hard/bits/c++config.h"
 117              		.file 4 "/usr/include/newlib/c++/9.2.1/bits/stl_pair.h"
 118              		.file 5 "/usr/include/newlib/c++/9.2.1/debug/debug.h"
 119              		.file 6 "/usr/include/newlib/c++/9.2.1/cwchar"
 120              		.file 7 "/usr/include/newlib/c++/9.2.1/cstdint"
 121              		.file 8 "/usr/include/newlib/c++/9.2.1/bits/exception_ptr.h"
 122              		.file 9 "/usr/include/newlib/c++/9.2.1/new"
 123              		.file 10 "/usr/include/newlib/c++/9.2.1/clocale"
 124              		.file 11 "/usr/include/newlib/c++/9.2.1/cstdlib"
ARM GAS  /tmp/cc0wv2Ou.s 			page 4


 125              		.file 12 "/usr/include/newlib/c++/9.2.1/cstdio"
 126              		.file 13 "/usr/include/newlib/c++/9.2.1/bits/basic_string.h"
 127              		.file 14 "/usr/include/newlib/c++/9.2.1/bits/predefined_ops.h"
 128              		.file 15 "/usr/include/newlib/c++/9.2.1/ext/new_allocator.h"
 129              		.file 16 "/usr/include/newlib/c++/9.2.1/ext/numeric_traits.h"
 130              		.file 17 "/usr/lib/gcc/arm-none-eabi/9.2.1/include/stddef.h"
 131              		.file 18 "/usr/include/newlib/sys/_types.h"
 132              		.file 19 "<built-in>"
 133              		.file 20 "/usr/include/newlib/sys/reent.h"
 134              		.file 21 "/usr/include/newlib/sys/lock.h"
 135              		.file 22 "/usr/lib/gcc/arm-none-eabi/9.2.1/include/stdarg.h"
 136              		.file 23 "/usr/include/newlib/wchar.h"
 137              		.file 24 "/usr/lib/gcc/arm-none-eabi/9.2.1/include/stdint.h"
 138              		.file 25 "/usr/include/newlib/locale.h"
 139              		.file 26 "/usr/include/newlib/ctype.h"
 140              		.file 27 "/usr/include/newlib/stdlib.h"
 141              		.file 28 "/usr/include/newlib/stdio.h"
 142              		.file 29 "/usr/include/newlib/sys/errno.h"
 143              		.file 30 "Drivers/CMSIS/Include/core_cm4.h"
 144              		.file 31 "Drivers/CMSIS/Device/ST/STM32G4xx/Include/system_stm32g4xx.h"
 145              		.file 32 "Drivers/STM32G4xx_HAL_Driver/Inc/stm32g4xx_hal_def.h"
 146              		.file 33 "Drivers/STM32G4xx_HAL_Driver/Inc/stm32g4xx_hal_flash.h"
 147              		.file 34 "Drivers/STM32G4xx_HAL_Driver/Inc/stm32g4xx_hal.h"
 148              		.file 35 "Drivers/STM32G4xx_HAL_Driver/Inc/stm32g4xx_ll_dma.h"
 149              		.file 36 "Drivers/STM32G4xx_HAL_Driver/Inc/stm32g4xx_ll_usart.h"
 150              		.file 37 "Middlewares/Third_Party/FreeRTOS/Source/CMSIS_RTOS_V2/cmsis_os2.h"
 151              		.file 38 "Core/Inc/shared.h"
ARM GAS  /tmp/cc0wv2Ou.s 			page 5


DEFINED SYMBOLS
                            *ABS*:0000000000000000 SerialHandler.cpp
     /tmp/cc0wv2Ou.s:18     .text.comms_thread_entry:0000000000000000 $t
     /tmp/cc0wv2Ou.s:27     .text.comms_thread_entry:0000000000000000 comms_thread_entry
     /tmp/cc0wv2Ou.s:63     .text.comms_thread_entry:0000000000000014 $d
.ARM.extab.text.comms_thread_entry:0000000000000000 $d
.ARM.exidx.text.comms_thread_entry:0000000000000000 $d
     /tmp/cc0wv2Ou.s:104    .bss.uart_tx_dma_buffer:0000000000000000 uart_tx_dma_buffer
     /tmp/cc0wv2Ou.s:91     .bss.uart_rx_dma_buffer:0000000000000000 uart_rx_dma_buffer
     /tmp/cc0wv2Ou.s:111    .bss.uart_tx_dma_queue_id:0000000000000000 uart_tx_dma_queue_id
     /tmp/cc0wv2Ou.s:98     .bss.uart_rx_dma_queue_id:0000000000000000 uart_rx_dma_queue_id
     /tmp/cc0wv2Ou.s:85     .bss.control_task_id:0000000000000000 control_task_id
     /tmp/cc0wv2Ou.s:79     .bss.comms_task_id:0000000000000000 comms_task_id
     /tmp/cc0wv2Ou.s:76     .bss.comms_task_id:0000000000000000 $d
     /tmp/cc0wv2Ou.s:82     .bss.control_task_id:0000000000000000 $d
     /tmp/cc0wv2Ou.s:88     .bss.uart_rx_dma_buffer:0000000000000000 $d
     /tmp/cc0wv2Ou.s:94     .bss.uart_rx_dma_queue_id:0000000000000000 $d
     /tmp/cc0wv2Ou.s:101    .bss.uart_tx_dma_buffer:0000000000000000 $d
     /tmp/cc0wv2Ou.s:107    .bss.uart_tx_dma_queue_id:0000000000000000 $d

UNDEFINED SYMBOLS
osMessageQueueReset
__aeabi_unwind_cpp_pr1
