ARM GAS  /tmp/ccA1miuZ.s 			page 1


   1              		.cpu cortex-m4
   2              		.eabi_attribute 27, 1
   3              		.eabi_attribute 28, 1
   4              		.eabi_attribute 20, 1
   5              		.eabi_attribute 21, 1
   6              		.eabi_attribute 23, 3
   7              		.eabi_attribute 24, 1
   8              		.eabi_attribute 25, 1
   9              		.eabi_attribute 26, 1
  10              		.eabi_attribute 30, 2
  11              		.eabi_attribute 34, 1
  12              		.eabi_attribute 18, 4
  13              		.file	"stm32g4xx_hal_msp.c"
  14              		.text
  15              	.Ltext0:
  16              		.cfi_sections	.debug_frame
  17              		.section	.text.HAL_MspInit,"ax",%progbits
  18              		.align	1
  19              		.p2align 2,,3
  20              		.global	HAL_MspInit
  21              		.arch armv7e-m
  22              		.syntax unified
  23              		.thumb
  24              		.thumb_func
  25              		.fpu fpv4-sp-d16
  27              	HAL_MspInit:
  28              	.LFB1311:
  29              		.file 1 "Core/Src/stm32g4xx_hal_msp.c"
   1:Core/Src/stm32g4xx_hal_msp.c **** /* USER CODE BEGIN Header */
   2:Core/Src/stm32g4xx_hal_msp.c **** /**
   3:Core/Src/stm32g4xx_hal_msp.c ****   ******************************************************************************
   4:Core/Src/stm32g4xx_hal_msp.c ****   * File Name          : stm32g4xx_hal_msp.c
   5:Core/Src/stm32g4xx_hal_msp.c ****   * Description        : This file provides code for the MSP Initialization
   6:Core/Src/stm32g4xx_hal_msp.c ****   *                      and de-Initialization codes.
   7:Core/Src/stm32g4xx_hal_msp.c ****   ******************************************************************************
   8:Core/Src/stm32g4xx_hal_msp.c ****   * @attention
   9:Core/Src/stm32g4xx_hal_msp.c ****   *
  10:Core/Src/stm32g4xx_hal_msp.c ****   * <h2><center>&copy; Copyright (c) 2020 STMicroelectronics.
  11:Core/Src/stm32g4xx_hal_msp.c ****   * All rights reserved.</center></h2>
  12:Core/Src/stm32g4xx_hal_msp.c ****   *
  13:Core/Src/stm32g4xx_hal_msp.c ****   * This software component is licensed by ST under Ultimate Liberty license
  14:Core/Src/stm32g4xx_hal_msp.c ****   * SLA0044, the "License"; You may not use this file except in compliance with
  15:Core/Src/stm32g4xx_hal_msp.c ****   * the License. You may obtain a copy of the License at:
  16:Core/Src/stm32g4xx_hal_msp.c ****   *                             www.st.com/SLA0044
  17:Core/Src/stm32g4xx_hal_msp.c ****   *
  18:Core/Src/stm32g4xx_hal_msp.c ****   ******************************************************************************
  19:Core/Src/stm32g4xx_hal_msp.c ****   */
  20:Core/Src/stm32g4xx_hal_msp.c **** /* USER CODE END Header */
  21:Core/Src/stm32g4xx_hal_msp.c **** 
  22:Core/Src/stm32g4xx_hal_msp.c **** /* Includes ------------------------------------------------------------------*/
  23:Core/Src/stm32g4xx_hal_msp.c **** #include "main.h"
  24:Core/Src/stm32g4xx_hal_msp.c **** /* USER CODE BEGIN Includes */
  25:Core/Src/stm32g4xx_hal_msp.c **** 
  26:Core/Src/stm32g4xx_hal_msp.c **** /* USER CODE END Includes */
  27:Core/Src/stm32g4xx_hal_msp.c **** 
  28:Core/Src/stm32g4xx_hal_msp.c **** /* Private typedef -----------------------------------------------------------*/
  29:Core/Src/stm32g4xx_hal_msp.c **** /* USER CODE BEGIN TD */
ARM GAS  /tmp/ccA1miuZ.s 			page 2


  30:Core/Src/stm32g4xx_hal_msp.c **** 
  31:Core/Src/stm32g4xx_hal_msp.c **** /* USER CODE END TD */
  32:Core/Src/stm32g4xx_hal_msp.c **** 
  33:Core/Src/stm32g4xx_hal_msp.c **** /* Private define ------------------------------------------------------------*/
  34:Core/Src/stm32g4xx_hal_msp.c **** /* USER CODE BEGIN Define */
  35:Core/Src/stm32g4xx_hal_msp.c **** 
  36:Core/Src/stm32g4xx_hal_msp.c **** /* USER CODE END Define */
  37:Core/Src/stm32g4xx_hal_msp.c **** 
  38:Core/Src/stm32g4xx_hal_msp.c **** /* Private macro -------------------------------------------------------------*/
  39:Core/Src/stm32g4xx_hal_msp.c **** /* USER CODE BEGIN Macro */
  40:Core/Src/stm32g4xx_hal_msp.c **** 
  41:Core/Src/stm32g4xx_hal_msp.c **** /* USER CODE END Macro */
  42:Core/Src/stm32g4xx_hal_msp.c **** 
  43:Core/Src/stm32g4xx_hal_msp.c **** /* Private variables ---------------------------------------------------------*/
  44:Core/Src/stm32g4xx_hal_msp.c **** /* USER CODE BEGIN PV */
  45:Core/Src/stm32g4xx_hal_msp.c **** 
  46:Core/Src/stm32g4xx_hal_msp.c **** /* USER CODE END PV */
  47:Core/Src/stm32g4xx_hal_msp.c **** 
  48:Core/Src/stm32g4xx_hal_msp.c **** /* Private function prototypes -----------------------------------------------*/
  49:Core/Src/stm32g4xx_hal_msp.c **** /* USER CODE BEGIN PFP */
  50:Core/Src/stm32g4xx_hal_msp.c **** 
  51:Core/Src/stm32g4xx_hal_msp.c **** /* USER CODE END PFP */
  52:Core/Src/stm32g4xx_hal_msp.c **** 
  53:Core/Src/stm32g4xx_hal_msp.c **** /* External functions --------------------------------------------------------*/
  54:Core/Src/stm32g4xx_hal_msp.c **** /* USER CODE BEGIN ExternalFunctions */
  55:Core/Src/stm32g4xx_hal_msp.c **** 
  56:Core/Src/stm32g4xx_hal_msp.c **** /* USER CODE END ExternalFunctions */
  57:Core/Src/stm32g4xx_hal_msp.c **** 
  58:Core/Src/stm32g4xx_hal_msp.c **** /* USER CODE BEGIN 0 */
  59:Core/Src/stm32g4xx_hal_msp.c **** 
  60:Core/Src/stm32g4xx_hal_msp.c **** /* USER CODE END 0 */
  61:Core/Src/stm32g4xx_hal_msp.c **** /**
  62:Core/Src/stm32g4xx_hal_msp.c ****   * Initializes the Global MSP.
  63:Core/Src/stm32g4xx_hal_msp.c ****   */
  64:Core/Src/stm32g4xx_hal_msp.c **** void HAL_MspInit(void)
  65:Core/Src/stm32g4xx_hal_msp.c **** {
  30              		.loc 1 65 1 view -0
  31              		.cfi_startproc
  32              		@ args = 0, pretend = 0, frame = 8
  33              		@ frame_needed = 0, uses_anonymous_args = 0
  34              		@ link register save eliminated.
  66:Core/Src/stm32g4xx_hal_msp.c ****   /* USER CODE BEGIN MspInit 0 */
  67:Core/Src/stm32g4xx_hal_msp.c **** 
  68:Core/Src/stm32g4xx_hal_msp.c ****   /* USER CODE END MspInit 0 */
  69:Core/Src/stm32g4xx_hal_msp.c **** 
  70:Core/Src/stm32g4xx_hal_msp.c ****   __HAL_RCC_SYSCFG_CLK_ENABLE();
  35              		.loc 1 70 3 view .LVU1
  36              	.LBB2:
  37              		.loc 1 70 3 view .LVU2
  38              		.loc 1 70 3 view .LVU3
  39 0000 0B4B     		ldr	r3, .L4
  40 0002 1A6E     		ldr	r2, [r3, #96]
  41 0004 42F00102 		orr	r2, r2, #1
  42 0008 1A66     		str	r2, [r3, #96]
  43              		.loc 1 70 3 view .LVU4
  44 000a 1A6E     		ldr	r2, [r3, #96]
  45              	.LBE2:
ARM GAS  /tmp/ccA1miuZ.s 			page 3


  65:Core/Src/stm32g4xx_hal_msp.c ****   /* USER CODE BEGIN MspInit 0 */
  46              		.loc 1 65 1 is_stmt 0 view .LVU5
  47 000c 82B0     		sub	sp, sp, #8
  48              	.LCFI0:
  49              		.cfi_def_cfa_offset 8
  50              	.LBB3:
  51              		.loc 1 70 3 view .LVU6
  52 000e 02F00102 		and	r2, r2, #1
  53 0012 0092     		str	r2, [sp]
  54              		.loc 1 70 3 is_stmt 1 view .LVU7
  55 0014 009A     		ldr	r2, [sp]
  56              	.LBE3:
  57              		.loc 1 70 3 view .LVU8
  71:Core/Src/stm32g4xx_hal_msp.c ****   __HAL_RCC_PWR_CLK_ENABLE();
  58              		.loc 1 71 3 view .LVU9
  59              	.LBB4:
  60              		.loc 1 71 3 view .LVU10
  61              		.loc 1 71 3 view .LVU11
  62 0016 9A6D     		ldr	r2, [r3, #88]
  63 0018 42F08052 		orr	r2, r2, #268435456
  64 001c 9A65     		str	r2, [r3, #88]
  65              		.loc 1 71 3 view .LVU12
  66 001e 9B6D     		ldr	r3, [r3, #88]
  67 0020 03F08053 		and	r3, r3, #268435456
  68 0024 0193     		str	r3, [sp, #4]
  69              		.loc 1 71 3 view .LVU13
  70 0026 019B     		ldr	r3, [sp, #4]
  71              	.LBE4:
  72              		.loc 1 71 3 view .LVU14
  72:Core/Src/stm32g4xx_hal_msp.c **** 
  73:Core/Src/stm32g4xx_hal_msp.c ****   /* System interrupt init*/
  74:Core/Src/stm32g4xx_hal_msp.c **** 
  75:Core/Src/stm32g4xx_hal_msp.c ****   /** Disable the internal Pull-Up in Dead Battery pins of UCPD peripheral
  76:Core/Src/stm32g4xx_hal_msp.c ****   */
  77:Core/Src/stm32g4xx_hal_msp.c ****   HAL_PWREx_DisableUCPDDeadBattery();
  73              		.loc 1 77 3 view .LVU15
  78:Core/Src/stm32g4xx_hal_msp.c **** 
  79:Core/Src/stm32g4xx_hal_msp.c ****   /* USER CODE BEGIN MspInit 1 */
  80:Core/Src/stm32g4xx_hal_msp.c **** 
  81:Core/Src/stm32g4xx_hal_msp.c ****   /* USER CODE END MspInit 1 */
  82:Core/Src/stm32g4xx_hal_msp.c **** }
  74              		.loc 1 82 1 is_stmt 0 view .LVU16
  75 0028 02B0     		add	sp, sp, #8
  76              	.LCFI1:
  77              		.cfi_def_cfa_offset 0
  78              		@ sp needed
  77:Core/Src/stm32g4xx_hal_msp.c **** 
  79              		.loc 1 77 3 view .LVU17
  80 002a FFF7FEBF 		b	HAL_PWREx_DisableUCPDDeadBattery
  81              	.LVL0:
  82              	.L5:
  83 002e 00BF     		.align	2
  84              	.L4:
  85 0030 00100240 		.word	1073876992
  86              		.cfi_endproc
  87              	.LFE1311:
  89              		.text
ARM GAS  /tmp/ccA1miuZ.s 			page 4


  90              	.Letext0:
  91              		.file 2 "/usr/lib/gcc/arm-none-eabi/9.2.1/include/stdint.h"
  92              		.file 3 "Drivers/CMSIS/Include/core_cm4.h"
  93              		.file 4 "Drivers/CMSIS/Device/ST/STM32G4xx/Include/system_stm32g4xx.h"
  94              		.file 5 "Drivers/CMSIS/Device/ST/STM32G4xx/Include/stm32g474xx.h"
  95              		.file 6 "Drivers/STM32G4xx_HAL_Driver/Inc/stm32g4xx_hal_def.h"
  96              		.file 7 "Drivers/STM32G4xx_HAL_Driver/Inc/stm32g4xx_hal_flash.h"
  97              		.file 8 "Drivers/STM32G4xx_HAL_Driver/Inc/stm32g4xx_hal.h"
  98              		.file 9 "Drivers/STM32G4xx_HAL_Driver/Inc/stm32g4xx_ll_dma.h"
  99              		.file 10 "Drivers/STM32G4xx_HAL_Driver/Inc/stm32g4xx_ll_usart.h"
 100              		.file 11 "Drivers/STM32G4xx_HAL_Driver/Inc/stm32g4xx_hal_pwr_ex.h"
ARM GAS  /tmp/ccA1miuZ.s 			page 5


DEFINED SYMBOLS
                            *ABS*:0000000000000000 stm32g4xx_hal_msp.c
     /tmp/ccA1miuZ.s:18     .text.HAL_MspInit:0000000000000000 $t
     /tmp/ccA1miuZ.s:27     .text.HAL_MspInit:0000000000000000 HAL_MspInit
     /tmp/ccA1miuZ.s:85     .text.HAL_MspInit:0000000000000030 $d

UNDEFINED SYMBOLS
HAL_PWREx_DisableUCPDDeadBattery
