ARM GAS  /tmp/ccYaqmQI.s 			page 1


   1              		.cpu cortex-m4
   2              		.eabi_attribute 27, 1
   3              		.eabi_attribute 28, 1
   4              		.eabi_attribute 20, 1
   5              		.eabi_attribute 21, 1
   6              		.eabi_attribute 23, 3
   7              		.eabi_attribute 24, 1
   8              		.eabi_attribute 25, 1
   9              		.eabi_attribute 26, 1
  10              		.eabi_attribute 30, 2
  11              		.eabi_attribute 34, 1
  12              		.eabi_attribute 18, 4
  13              		.file	"stm32g4xx_ll_cordic.c"
  14              		.text
  15              	.Ltext0:
  16              		.cfi_sections	.debug_frame
  17              		.section	.text.LL_CORDIC_DeInit,"ax",%progbits
  18              		.align	1
  19              		.p2align 2,,3
  20              		.global	LL_CORDIC_DeInit
  21              		.arch armv7e-m
  22              		.syntax unified
  23              		.thumb
  24              		.thumb_func
  25              		.fpu fpv4-sp-d16
  27              	LL_CORDIC_DeInit:
  28              	.LVL0:
  29              	.LFB399:
  30              		.file 1 "Drivers/STM32G4xx_HAL_Driver/Src/stm32g4xx_ll_cordic.c"
   1:Drivers/STM32G4xx_HAL_Driver/Src/stm32g4xx_ll_cordic.c **** /**
   2:Drivers/STM32G4xx_HAL_Driver/Src/stm32g4xx_ll_cordic.c ****   ******************************************************************************
   3:Drivers/STM32G4xx_HAL_Driver/Src/stm32g4xx_ll_cordic.c ****   * @file    stm32g4xx_ll_cordic.c
   4:Drivers/STM32G4xx_HAL_Driver/Src/stm32g4xx_ll_cordic.c ****   * @author  MCD Application Team
   5:Drivers/STM32G4xx_HAL_Driver/Src/stm32g4xx_ll_cordic.c ****   * @brief   CORDIC LL module driver.
   6:Drivers/STM32G4xx_HAL_Driver/Src/stm32g4xx_ll_cordic.c ****   ******************************************************************************
   7:Drivers/STM32G4xx_HAL_Driver/Src/stm32g4xx_ll_cordic.c ****   * @attention
   8:Drivers/STM32G4xx_HAL_Driver/Src/stm32g4xx_ll_cordic.c ****   *
   9:Drivers/STM32G4xx_HAL_Driver/Src/stm32g4xx_ll_cordic.c ****   * <h2><center>&copy; Copyright (c) 2019 STMicroelectronics.
  10:Drivers/STM32G4xx_HAL_Driver/Src/stm32g4xx_ll_cordic.c ****   * All rights reserved.</center></h2>
  11:Drivers/STM32G4xx_HAL_Driver/Src/stm32g4xx_ll_cordic.c ****   *
  12:Drivers/STM32G4xx_HAL_Driver/Src/stm32g4xx_ll_cordic.c ****   * This software component is licensed by ST under BSD 3-Clause license,
  13:Drivers/STM32G4xx_HAL_Driver/Src/stm32g4xx_ll_cordic.c ****   * the "License"; You may not use this file except in compliance with the
  14:Drivers/STM32G4xx_HAL_Driver/Src/stm32g4xx_ll_cordic.c ****   * License. You may obtain a copy of the License at:
  15:Drivers/STM32G4xx_HAL_Driver/Src/stm32g4xx_ll_cordic.c ****   *                        opensource.org/licenses/BSD-3-Clause
  16:Drivers/STM32G4xx_HAL_Driver/Src/stm32g4xx_ll_cordic.c ****   *
  17:Drivers/STM32G4xx_HAL_Driver/Src/stm32g4xx_ll_cordic.c ****   ******************************************************************************
  18:Drivers/STM32G4xx_HAL_Driver/Src/stm32g4xx_ll_cordic.c ****   */
  19:Drivers/STM32G4xx_HAL_Driver/Src/stm32g4xx_ll_cordic.c **** #if defined(USE_FULL_LL_DRIVER)
  20:Drivers/STM32G4xx_HAL_Driver/Src/stm32g4xx_ll_cordic.c **** 
  21:Drivers/STM32G4xx_HAL_Driver/Src/stm32g4xx_ll_cordic.c **** /* Includes ------------------------------------------------------------------*/
  22:Drivers/STM32G4xx_HAL_Driver/Src/stm32g4xx_ll_cordic.c **** #include "stm32g4xx_ll_cordic.h"
  23:Drivers/STM32G4xx_HAL_Driver/Src/stm32g4xx_ll_cordic.c **** #include "stm32g4xx_ll_bus.h"
  24:Drivers/STM32G4xx_HAL_Driver/Src/stm32g4xx_ll_cordic.c **** #ifdef  USE_FULL_ASSERT
  25:Drivers/STM32G4xx_HAL_Driver/Src/stm32g4xx_ll_cordic.c **** #include "stm32_assert.h"
  26:Drivers/STM32G4xx_HAL_Driver/Src/stm32g4xx_ll_cordic.c **** #else
  27:Drivers/STM32G4xx_HAL_Driver/Src/stm32g4xx_ll_cordic.c **** #define assert_param(expr) ((void)0U)
  28:Drivers/STM32G4xx_HAL_Driver/Src/stm32g4xx_ll_cordic.c **** #endif
ARM GAS  /tmp/ccYaqmQI.s 			page 2


  29:Drivers/STM32G4xx_HAL_Driver/Src/stm32g4xx_ll_cordic.c **** 
  30:Drivers/STM32G4xx_HAL_Driver/Src/stm32g4xx_ll_cordic.c **** /** @addtogroup STM32G4xx_LL_Driver
  31:Drivers/STM32G4xx_HAL_Driver/Src/stm32g4xx_ll_cordic.c ****   * @{
  32:Drivers/STM32G4xx_HAL_Driver/Src/stm32g4xx_ll_cordic.c ****   */
  33:Drivers/STM32G4xx_HAL_Driver/Src/stm32g4xx_ll_cordic.c **** 
  34:Drivers/STM32G4xx_HAL_Driver/Src/stm32g4xx_ll_cordic.c **** #if defined(CORDIC)
  35:Drivers/STM32G4xx_HAL_Driver/Src/stm32g4xx_ll_cordic.c **** 
  36:Drivers/STM32G4xx_HAL_Driver/Src/stm32g4xx_ll_cordic.c **** /** @addtogroup CORDIC_LL
  37:Drivers/STM32G4xx_HAL_Driver/Src/stm32g4xx_ll_cordic.c ****   * @{
  38:Drivers/STM32G4xx_HAL_Driver/Src/stm32g4xx_ll_cordic.c ****   */
  39:Drivers/STM32G4xx_HAL_Driver/Src/stm32g4xx_ll_cordic.c **** 
  40:Drivers/STM32G4xx_HAL_Driver/Src/stm32g4xx_ll_cordic.c **** /* Private types -------------------------------------------------------------*/
  41:Drivers/STM32G4xx_HAL_Driver/Src/stm32g4xx_ll_cordic.c **** /* Private variables ---------------------------------------------------------*/
  42:Drivers/STM32G4xx_HAL_Driver/Src/stm32g4xx_ll_cordic.c **** /* Private constants ---------------------------------------------------------*/
  43:Drivers/STM32G4xx_HAL_Driver/Src/stm32g4xx_ll_cordic.c **** /* Private macros ------------------------------------------------------------*/
  44:Drivers/STM32G4xx_HAL_Driver/Src/stm32g4xx_ll_cordic.c **** /* Private function prototypes -----------------------------------------------*/
  45:Drivers/STM32G4xx_HAL_Driver/Src/stm32g4xx_ll_cordic.c **** 
  46:Drivers/STM32G4xx_HAL_Driver/Src/stm32g4xx_ll_cordic.c **** /* Exported functions --------------------------------------------------------*/
  47:Drivers/STM32G4xx_HAL_Driver/Src/stm32g4xx_ll_cordic.c **** /** @addtogroup CORDIC_LL_Exported_Functions
  48:Drivers/STM32G4xx_HAL_Driver/Src/stm32g4xx_ll_cordic.c ****   * @{
  49:Drivers/STM32G4xx_HAL_Driver/Src/stm32g4xx_ll_cordic.c ****   */
  50:Drivers/STM32G4xx_HAL_Driver/Src/stm32g4xx_ll_cordic.c **** 
  51:Drivers/STM32G4xx_HAL_Driver/Src/stm32g4xx_ll_cordic.c **** /** @addtogroup CORDIC_LL_EF_Init
  52:Drivers/STM32G4xx_HAL_Driver/Src/stm32g4xx_ll_cordic.c ****   * @{
  53:Drivers/STM32G4xx_HAL_Driver/Src/stm32g4xx_ll_cordic.c ****   */
  54:Drivers/STM32G4xx_HAL_Driver/Src/stm32g4xx_ll_cordic.c **** 
  55:Drivers/STM32G4xx_HAL_Driver/Src/stm32g4xx_ll_cordic.c **** /**
  56:Drivers/STM32G4xx_HAL_Driver/Src/stm32g4xx_ll_cordic.c ****   * @brief  De-Initialize CORDIC peripheral registers to their default reset values.
  57:Drivers/STM32G4xx_HAL_Driver/Src/stm32g4xx_ll_cordic.c ****   * @param  CORDICx CORDIC Instance
  58:Drivers/STM32G4xx_HAL_Driver/Src/stm32g4xx_ll_cordic.c ****   * @retval An ErrorStatus enumeration value:
  59:Drivers/STM32G4xx_HAL_Driver/Src/stm32g4xx_ll_cordic.c ****   *          - SUCCESS: CORDIC registers are de-initialized
  60:Drivers/STM32G4xx_HAL_Driver/Src/stm32g4xx_ll_cordic.c ****   *          - ERROR: CORDIC registers are not de-initialized
  61:Drivers/STM32G4xx_HAL_Driver/Src/stm32g4xx_ll_cordic.c ****   */
  62:Drivers/STM32G4xx_HAL_Driver/Src/stm32g4xx_ll_cordic.c **** ErrorStatus LL_CORDIC_DeInit(CORDIC_TypeDef *CORDICx)
  63:Drivers/STM32G4xx_HAL_Driver/Src/stm32g4xx_ll_cordic.c **** {
  31              		.loc 1 63 1 view -0
  32              		.cfi_startproc
  33              		@ args = 0, pretend = 0, frame = 0
  34              		@ frame_needed = 0, uses_anonymous_args = 0
  35              		@ link register save eliminated.
  64:Drivers/STM32G4xx_HAL_Driver/Src/stm32g4xx_ll_cordic.c ****   ErrorStatus status = SUCCESS;
  36              		.loc 1 64 3 view .LVU1
  65:Drivers/STM32G4xx_HAL_Driver/Src/stm32g4xx_ll_cordic.c **** 
  66:Drivers/STM32G4xx_HAL_Driver/Src/stm32g4xx_ll_cordic.c ****   /* Check the parameters */
  67:Drivers/STM32G4xx_HAL_Driver/Src/stm32g4xx_ll_cordic.c ****   assert_param(IS_CORDIC_ALL_INSTANCE(CORDICx));
  37              		.loc 1 67 3 view .LVU2
  68:Drivers/STM32G4xx_HAL_Driver/Src/stm32g4xx_ll_cordic.c **** 
  69:Drivers/STM32G4xx_HAL_Driver/Src/stm32g4xx_ll_cordic.c ****   if (CORDICx == CORDIC)
  38              		.loc 1 69 3 view .LVU3
  39              		.loc 1 69 6 is_stmt 0 view .LVU4
  40 0000 094B     		ldr	r3, .L6
  41 0002 9842     		cmp	r0, r3
  42 0004 01D0     		beq	.L5
  70:Drivers/STM32G4xx_HAL_Driver/Src/stm32g4xx_ll_cordic.c ****   {
  71:Drivers/STM32G4xx_HAL_Driver/Src/stm32g4xx_ll_cordic.c ****     /* Force CORDIC reset */
  72:Drivers/STM32G4xx_HAL_Driver/Src/stm32g4xx_ll_cordic.c ****     LL_AHB1_GRP1_ForceReset(LL_AHB1_GRP1_PERIPH_CORDIC);
  73:Drivers/STM32G4xx_HAL_Driver/Src/stm32g4xx_ll_cordic.c **** 
ARM GAS  /tmp/ccYaqmQI.s 			page 3


  74:Drivers/STM32G4xx_HAL_Driver/Src/stm32g4xx_ll_cordic.c ****     /* Release CORDIC reset */
  75:Drivers/STM32G4xx_HAL_Driver/Src/stm32g4xx_ll_cordic.c ****     LL_AHB1_GRP1_ReleaseReset(LL_AHB1_GRP1_PERIPH_CORDIC);
  76:Drivers/STM32G4xx_HAL_Driver/Src/stm32g4xx_ll_cordic.c ****   }
  77:Drivers/STM32G4xx_HAL_Driver/Src/stm32g4xx_ll_cordic.c ****   else
  78:Drivers/STM32G4xx_HAL_Driver/Src/stm32g4xx_ll_cordic.c ****   {
  79:Drivers/STM32G4xx_HAL_Driver/Src/stm32g4xx_ll_cordic.c ****     status = ERROR;
  43              		.loc 1 79 12 view .LVU5
  44 0006 0120     		movs	r0, #1
  45              	.LVL1:
  80:Drivers/STM32G4xx_HAL_Driver/Src/stm32g4xx_ll_cordic.c ****   }
  81:Drivers/STM32G4xx_HAL_Driver/Src/stm32g4xx_ll_cordic.c **** 
  82:Drivers/STM32G4xx_HAL_Driver/Src/stm32g4xx_ll_cordic.c ****   return (status);
  46              		.loc 1 82 3 is_stmt 1 view .LVU6
  83:Drivers/STM32G4xx_HAL_Driver/Src/stm32g4xx_ll_cordic.c **** }
  47              		.loc 1 83 1 is_stmt 0 view .LVU7
  48 0008 7047     		bx	lr
  49              	.LVL2:
  50              	.L5:
  72:Drivers/STM32G4xx_HAL_Driver/Src/stm32g4xx_ll_cordic.c **** 
  51              		.loc 1 72 5 is_stmt 1 view .LVU8
  52              	.LBB6:
  53              	.LBI6:
  54              		.file 2 "Drivers/STM32G4xx_HAL_Driver/Inc/stm32g4xx_ll_bus.h"
   1:Drivers/STM32G4xx_HAL_Driver/Inc/stm32g4xx_ll_bus.h **** /**
   2:Drivers/STM32G4xx_HAL_Driver/Inc/stm32g4xx_ll_bus.h ****   ******************************************************************************
   3:Drivers/STM32G4xx_HAL_Driver/Inc/stm32g4xx_ll_bus.h ****   * @file    stm32g4xx_ll_bus.h
   4:Drivers/STM32G4xx_HAL_Driver/Inc/stm32g4xx_ll_bus.h ****   * @author  MCD Application Team
   5:Drivers/STM32G4xx_HAL_Driver/Inc/stm32g4xx_ll_bus.h ****   * @brief   Header file of BUS LL module.
   6:Drivers/STM32G4xx_HAL_Driver/Inc/stm32g4xx_ll_bus.h **** 
   7:Drivers/STM32G4xx_HAL_Driver/Inc/stm32g4xx_ll_bus.h ****   @verbatim
   8:Drivers/STM32G4xx_HAL_Driver/Inc/stm32g4xx_ll_bus.h ****                       ##### RCC Limitations #####
   9:Drivers/STM32G4xx_HAL_Driver/Inc/stm32g4xx_ll_bus.h ****   ==============================================================================
  10:Drivers/STM32G4xx_HAL_Driver/Inc/stm32g4xx_ll_bus.h ****     [..]
  11:Drivers/STM32G4xx_HAL_Driver/Inc/stm32g4xx_ll_bus.h ****       A delay between an RCC peripheral clock enable and the effective peripheral
  12:Drivers/STM32G4xx_HAL_Driver/Inc/stm32g4xx_ll_bus.h ****       enabling should be taken into account in order to manage the peripheral read/write
  13:Drivers/STM32G4xx_HAL_Driver/Inc/stm32g4xx_ll_bus.h ****       from/to registers.
  14:Drivers/STM32G4xx_HAL_Driver/Inc/stm32g4xx_ll_bus.h ****       (+) This delay depends on the peripheral mapping.
  15:Drivers/STM32G4xx_HAL_Driver/Inc/stm32g4xx_ll_bus.h ****         (++) AHB & APB peripherals, 1 dummy read is necessary
  16:Drivers/STM32G4xx_HAL_Driver/Inc/stm32g4xx_ll_bus.h **** 
  17:Drivers/STM32G4xx_HAL_Driver/Inc/stm32g4xx_ll_bus.h ****     [..]
  18:Drivers/STM32G4xx_HAL_Driver/Inc/stm32g4xx_ll_bus.h ****       Workarounds:
  19:Drivers/STM32G4xx_HAL_Driver/Inc/stm32g4xx_ll_bus.h ****       (#) For AHB & APB peripherals, a dummy read to the peripheral register has been
  20:Drivers/STM32G4xx_HAL_Driver/Inc/stm32g4xx_ll_bus.h ****           inserted in each LL_{BUS}_GRP{x}_EnableClock() function.
  21:Drivers/STM32G4xx_HAL_Driver/Inc/stm32g4xx_ll_bus.h **** 
  22:Drivers/STM32G4xx_HAL_Driver/Inc/stm32g4xx_ll_bus.h ****   @endverbatim
  23:Drivers/STM32G4xx_HAL_Driver/Inc/stm32g4xx_ll_bus.h ****   ******************************************************************************
  24:Drivers/STM32G4xx_HAL_Driver/Inc/stm32g4xx_ll_bus.h ****   * @attention
  25:Drivers/STM32G4xx_HAL_Driver/Inc/stm32g4xx_ll_bus.h ****   *
  26:Drivers/STM32G4xx_HAL_Driver/Inc/stm32g4xx_ll_bus.h ****   * <h2><center>&copy; Copyright (c) 2019 STMicroelectronics.
  27:Drivers/STM32G4xx_HAL_Driver/Inc/stm32g4xx_ll_bus.h ****   * All rights reserved.</center></h2>
  28:Drivers/STM32G4xx_HAL_Driver/Inc/stm32g4xx_ll_bus.h ****   *
  29:Drivers/STM32G4xx_HAL_Driver/Inc/stm32g4xx_ll_bus.h ****   * This software component is licensed by ST under BSD 3-Clause license,
  30:Drivers/STM32G4xx_HAL_Driver/Inc/stm32g4xx_ll_bus.h ****   * the "License"; You may not use this file except in compliance with the
  31:Drivers/STM32G4xx_HAL_Driver/Inc/stm32g4xx_ll_bus.h ****   * License. You may obtain a copy of the License at:
  32:Drivers/STM32G4xx_HAL_Driver/Inc/stm32g4xx_ll_bus.h ****   *                        opensource.org/licenses/BSD-3-Clause
  33:Drivers/STM32G4xx_HAL_Driver/Inc/stm32g4xx_ll_bus.h ****   *
  34:Drivers/STM32G4xx_HAL_Driver/Inc/stm32g4xx_ll_bus.h ****   ******************************************************************************
ARM GAS  /tmp/ccYaqmQI.s 			page 4


  35:Drivers/STM32G4xx_HAL_Driver/Inc/stm32g4xx_ll_bus.h ****   */
  36:Drivers/STM32G4xx_HAL_Driver/Inc/stm32g4xx_ll_bus.h **** 
  37:Drivers/STM32G4xx_HAL_Driver/Inc/stm32g4xx_ll_bus.h **** /* Define to prevent recursive inclusion -------------------------------------*/
  38:Drivers/STM32G4xx_HAL_Driver/Inc/stm32g4xx_ll_bus.h **** #ifndef STM32G4xx_LL_BUS_H
  39:Drivers/STM32G4xx_HAL_Driver/Inc/stm32g4xx_ll_bus.h **** #define STM32G4xx_LL_BUS_H
  40:Drivers/STM32G4xx_HAL_Driver/Inc/stm32g4xx_ll_bus.h **** 
  41:Drivers/STM32G4xx_HAL_Driver/Inc/stm32g4xx_ll_bus.h **** #ifdef __cplusplus
  42:Drivers/STM32G4xx_HAL_Driver/Inc/stm32g4xx_ll_bus.h **** extern "C" {
  43:Drivers/STM32G4xx_HAL_Driver/Inc/stm32g4xx_ll_bus.h **** #endif
  44:Drivers/STM32G4xx_HAL_Driver/Inc/stm32g4xx_ll_bus.h **** 
  45:Drivers/STM32G4xx_HAL_Driver/Inc/stm32g4xx_ll_bus.h **** /* Includes ------------------------------------------------------------------*/
  46:Drivers/STM32G4xx_HAL_Driver/Inc/stm32g4xx_ll_bus.h **** #include "stm32g4xx.h"
  47:Drivers/STM32G4xx_HAL_Driver/Inc/stm32g4xx_ll_bus.h **** 
  48:Drivers/STM32G4xx_HAL_Driver/Inc/stm32g4xx_ll_bus.h **** /** @addtogroup STM32G4xx_LL_Driver
  49:Drivers/STM32G4xx_HAL_Driver/Inc/stm32g4xx_ll_bus.h ****   * @{
  50:Drivers/STM32G4xx_HAL_Driver/Inc/stm32g4xx_ll_bus.h ****   */
  51:Drivers/STM32G4xx_HAL_Driver/Inc/stm32g4xx_ll_bus.h **** 
  52:Drivers/STM32G4xx_HAL_Driver/Inc/stm32g4xx_ll_bus.h **** #if defined(RCC)
  53:Drivers/STM32G4xx_HAL_Driver/Inc/stm32g4xx_ll_bus.h **** 
  54:Drivers/STM32G4xx_HAL_Driver/Inc/stm32g4xx_ll_bus.h **** /** @defgroup BUS_LL BUS
  55:Drivers/STM32G4xx_HAL_Driver/Inc/stm32g4xx_ll_bus.h ****   * @{
  56:Drivers/STM32G4xx_HAL_Driver/Inc/stm32g4xx_ll_bus.h ****   */
  57:Drivers/STM32G4xx_HAL_Driver/Inc/stm32g4xx_ll_bus.h **** 
  58:Drivers/STM32G4xx_HAL_Driver/Inc/stm32g4xx_ll_bus.h **** /* Private types -------------------------------------------------------------*/
  59:Drivers/STM32G4xx_HAL_Driver/Inc/stm32g4xx_ll_bus.h **** /* Private variables ---------------------------------------------------------*/
  60:Drivers/STM32G4xx_HAL_Driver/Inc/stm32g4xx_ll_bus.h **** 
  61:Drivers/STM32G4xx_HAL_Driver/Inc/stm32g4xx_ll_bus.h **** /* Private constants ---------------------------------------------------------*/
  62:Drivers/STM32G4xx_HAL_Driver/Inc/stm32g4xx_ll_bus.h **** 
  63:Drivers/STM32G4xx_HAL_Driver/Inc/stm32g4xx_ll_bus.h **** /* Private macros ------------------------------------------------------------*/
  64:Drivers/STM32G4xx_HAL_Driver/Inc/stm32g4xx_ll_bus.h **** 
  65:Drivers/STM32G4xx_HAL_Driver/Inc/stm32g4xx_ll_bus.h **** /* Exported types ------------------------------------------------------------*/
  66:Drivers/STM32G4xx_HAL_Driver/Inc/stm32g4xx_ll_bus.h **** /* Exported constants --------------------------------------------------------*/
  67:Drivers/STM32G4xx_HAL_Driver/Inc/stm32g4xx_ll_bus.h **** /** @defgroup BUS_LL_Exported_Constants BUS Exported Constants
  68:Drivers/STM32G4xx_HAL_Driver/Inc/stm32g4xx_ll_bus.h ****   * @{
  69:Drivers/STM32G4xx_HAL_Driver/Inc/stm32g4xx_ll_bus.h ****   */
  70:Drivers/STM32G4xx_HAL_Driver/Inc/stm32g4xx_ll_bus.h **** 
  71:Drivers/STM32G4xx_HAL_Driver/Inc/stm32g4xx_ll_bus.h **** /** @defgroup BUS_LL_EC_AHB1_GRP1_PERIPH  AHB1 GRP1 PERIPH
  72:Drivers/STM32G4xx_HAL_Driver/Inc/stm32g4xx_ll_bus.h ****   * @{
  73:Drivers/STM32G4xx_HAL_Driver/Inc/stm32g4xx_ll_bus.h ****   */
  74:Drivers/STM32G4xx_HAL_Driver/Inc/stm32g4xx_ll_bus.h **** #define LL_AHB1_GRP1_PERIPH_ALL            0xFFFFFFFFU
  75:Drivers/STM32G4xx_HAL_Driver/Inc/stm32g4xx_ll_bus.h **** #define LL_AHB1_GRP1_PERIPH_DMA1           RCC_AHB1ENR_DMA1EN
  76:Drivers/STM32G4xx_HAL_Driver/Inc/stm32g4xx_ll_bus.h **** #define LL_AHB1_GRP1_PERIPH_DMA2           RCC_AHB1ENR_DMA2EN
  77:Drivers/STM32G4xx_HAL_Driver/Inc/stm32g4xx_ll_bus.h **** #define LL_AHB1_GRP1_PERIPH_DMAMUX1        RCC_AHB1ENR_DMAMUX1EN
  78:Drivers/STM32G4xx_HAL_Driver/Inc/stm32g4xx_ll_bus.h **** #define LL_AHB1_GRP1_PERIPH_CORDIC         RCC_AHB1ENR_CORDICEN
  79:Drivers/STM32G4xx_HAL_Driver/Inc/stm32g4xx_ll_bus.h **** #define LL_AHB1_GRP1_PERIPH_FMAC           RCC_AHB1ENR_FMACEN
  80:Drivers/STM32G4xx_HAL_Driver/Inc/stm32g4xx_ll_bus.h **** #define LL_AHB1_GRP1_PERIPH_FLASH          RCC_AHB1ENR_FLASHEN
  81:Drivers/STM32G4xx_HAL_Driver/Inc/stm32g4xx_ll_bus.h **** #define LL_AHB1_GRP1_PERIPH_SRAM1          RCC_AHB1SMENR_SRAM1SMEN
  82:Drivers/STM32G4xx_HAL_Driver/Inc/stm32g4xx_ll_bus.h **** #define LL_AHB1_GRP1_PERIPH_CRC            RCC_AHB1ENR_CRCEN
  83:Drivers/STM32G4xx_HAL_Driver/Inc/stm32g4xx_ll_bus.h **** /**
  84:Drivers/STM32G4xx_HAL_Driver/Inc/stm32g4xx_ll_bus.h ****   * @}
  85:Drivers/STM32G4xx_HAL_Driver/Inc/stm32g4xx_ll_bus.h ****   */
  86:Drivers/STM32G4xx_HAL_Driver/Inc/stm32g4xx_ll_bus.h **** 
  87:Drivers/STM32G4xx_HAL_Driver/Inc/stm32g4xx_ll_bus.h **** /** @defgroup BUS_LL_EC_AHB2_GRP1_PERIPH  AHB2 GRP1 PERIPH
  88:Drivers/STM32G4xx_HAL_Driver/Inc/stm32g4xx_ll_bus.h ****   * @{
  89:Drivers/STM32G4xx_HAL_Driver/Inc/stm32g4xx_ll_bus.h ****   */
  90:Drivers/STM32G4xx_HAL_Driver/Inc/stm32g4xx_ll_bus.h **** #define LL_AHB2_GRP1_PERIPH_ALL            0xFFFFFFFFU
  91:Drivers/STM32G4xx_HAL_Driver/Inc/stm32g4xx_ll_bus.h **** #define LL_AHB2_GRP1_PERIPH_GPIOA          RCC_AHB2ENR_GPIOAEN
ARM GAS  /tmp/ccYaqmQI.s 			page 5


  92:Drivers/STM32G4xx_HAL_Driver/Inc/stm32g4xx_ll_bus.h **** #define LL_AHB2_GRP1_PERIPH_GPIOB          RCC_AHB2ENR_GPIOBEN
  93:Drivers/STM32G4xx_HAL_Driver/Inc/stm32g4xx_ll_bus.h **** #define LL_AHB2_GRP1_PERIPH_GPIOC          RCC_AHB2ENR_GPIOCEN
  94:Drivers/STM32G4xx_HAL_Driver/Inc/stm32g4xx_ll_bus.h **** #define LL_AHB2_GRP1_PERIPH_GPIOD          RCC_AHB2ENR_GPIODEN
  95:Drivers/STM32G4xx_HAL_Driver/Inc/stm32g4xx_ll_bus.h **** #define LL_AHB2_GRP1_PERIPH_GPIOE          RCC_AHB2ENR_GPIOEEN
  96:Drivers/STM32G4xx_HAL_Driver/Inc/stm32g4xx_ll_bus.h **** #define LL_AHB2_GRP1_PERIPH_GPIOF          RCC_AHB2ENR_GPIOFEN
  97:Drivers/STM32G4xx_HAL_Driver/Inc/stm32g4xx_ll_bus.h **** #define LL_AHB2_GRP1_PERIPH_GPIOG          RCC_AHB2ENR_GPIOGEN
  98:Drivers/STM32G4xx_HAL_Driver/Inc/stm32g4xx_ll_bus.h **** #define LL_AHB2_GRP1_PERIPH_CCM            RCC_AHB2SMENR_CCMSMEN
  99:Drivers/STM32G4xx_HAL_Driver/Inc/stm32g4xx_ll_bus.h **** #define LL_AHB2_GRP1_PERIPH_SRAM2          RCC_AHB2SMENR_SRAM2SMEN
 100:Drivers/STM32G4xx_HAL_Driver/Inc/stm32g4xx_ll_bus.h **** #define LL_AHB2_GRP1_PERIPH_ADC12          RCC_AHB2ENR_ADC12EN
 101:Drivers/STM32G4xx_HAL_Driver/Inc/stm32g4xx_ll_bus.h **** #if defined(ADC345_COMMON)
 102:Drivers/STM32G4xx_HAL_Driver/Inc/stm32g4xx_ll_bus.h **** #define LL_AHB2_GRP1_PERIPH_ADC345         RCC_AHB2ENR_ADC345EN
 103:Drivers/STM32G4xx_HAL_Driver/Inc/stm32g4xx_ll_bus.h **** #endif /* ADC345_COMMON */
 104:Drivers/STM32G4xx_HAL_Driver/Inc/stm32g4xx_ll_bus.h **** #define LL_AHB2_GRP1_PERIPH_DAC1           RCC_AHB2ENR_DAC1EN
 105:Drivers/STM32G4xx_HAL_Driver/Inc/stm32g4xx_ll_bus.h **** #if defined(DAC2)
 106:Drivers/STM32G4xx_HAL_Driver/Inc/stm32g4xx_ll_bus.h **** #define LL_AHB2_GRP1_PERIPH_DAC2           RCC_AHB2ENR_DAC2EN
 107:Drivers/STM32G4xx_HAL_Driver/Inc/stm32g4xx_ll_bus.h **** #endif /* DAC2 */
 108:Drivers/STM32G4xx_HAL_Driver/Inc/stm32g4xx_ll_bus.h **** #define LL_AHB2_GRP1_PERIPH_DAC3           RCC_AHB2ENR_DAC3EN
 109:Drivers/STM32G4xx_HAL_Driver/Inc/stm32g4xx_ll_bus.h **** #if defined(DAC4)
 110:Drivers/STM32G4xx_HAL_Driver/Inc/stm32g4xx_ll_bus.h **** #define LL_AHB2_GRP1_PERIPH_DAC4           RCC_AHB2ENR_DAC4EN
 111:Drivers/STM32G4xx_HAL_Driver/Inc/stm32g4xx_ll_bus.h **** #endif /* DAC4 */
 112:Drivers/STM32G4xx_HAL_Driver/Inc/stm32g4xx_ll_bus.h **** #if defined(AES)
 113:Drivers/STM32G4xx_HAL_Driver/Inc/stm32g4xx_ll_bus.h **** #define LL_AHB2_GRP1_PERIPH_AES            RCC_AHB2ENR_AESEN
 114:Drivers/STM32G4xx_HAL_Driver/Inc/stm32g4xx_ll_bus.h **** #endif /* AES */
 115:Drivers/STM32G4xx_HAL_Driver/Inc/stm32g4xx_ll_bus.h **** #define LL_AHB2_GRP1_PERIPH_RNG            RCC_AHB2ENR_RNGEN
 116:Drivers/STM32G4xx_HAL_Driver/Inc/stm32g4xx_ll_bus.h **** /**
 117:Drivers/STM32G4xx_HAL_Driver/Inc/stm32g4xx_ll_bus.h ****   * @}
 118:Drivers/STM32G4xx_HAL_Driver/Inc/stm32g4xx_ll_bus.h ****   */
 119:Drivers/STM32G4xx_HAL_Driver/Inc/stm32g4xx_ll_bus.h **** 
 120:Drivers/STM32G4xx_HAL_Driver/Inc/stm32g4xx_ll_bus.h **** /** @defgroup BUS_LL_EC_AHB3_GRP1_PERIPH  AHB3 GRP1 PERIPH
 121:Drivers/STM32G4xx_HAL_Driver/Inc/stm32g4xx_ll_bus.h ****   * @{
 122:Drivers/STM32G4xx_HAL_Driver/Inc/stm32g4xx_ll_bus.h ****   */
 123:Drivers/STM32G4xx_HAL_Driver/Inc/stm32g4xx_ll_bus.h **** #define LL_AHB3_GRP1_PERIPH_ALL            0xFFFFFFFFU
 124:Drivers/STM32G4xx_HAL_Driver/Inc/stm32g4xx_ll_bus.h **** #if defined(FMC_Bank1_R)
 125:Drivers/STM32G4xx_HAL_Driver/Inc/stm32g4xx_ll_bus.h **** #define LL_AHB3_GRP1_PERIPH_FMC            RCC_AHB3ENR_FMCEN
 126:Drivers/STM32G4xx_HAL_Driver/Inc/stm32g4xx_ll_bus.h **** #endif /* FMC_Bank1_R */
 127:Drivers/STM32G4xx_HAL_Driver/Inc/stm32g4xx_ll_bus.h **** #if defined(QUADSPI)
 128:Drivers/STM32G4xx_HAL_Driver/Inc/stm32g4xx_ll_bus.h **** #define LL_AHB3_GRP1_PERIPH_QSPI           RCC_AHB3ENR_QSPIEN
 129:Drivers/STM32G4xx_HAL_Driver/Inc/stm32g4xx_ll_bus.h **** #endif /* QUADSPI */
 130:Drivers/STM32G4xx_HAL_Driver/Inc/stm32g4xx_ll_bus.h **** /**
 131:Drivers/STM32G4xx_HAL_Driver/Inc/stm32g4xx_ll_bus.h ****   * @}
 132:Drivers/STM32G4xx_HAL_Driver/Inc/stm32g4xx_ll_bus.h ****   */
 133:Drivers/STM32G4xx_HAL_Driver/Inc/stm32g4xx_ll_bus.h **** 
 134:Drivers/STM32G4xx_HAL_Driver/Inc/stm32g4xx_ll_bus.h **** /** @defgroup BUS_LL_EC_APB1_GRP1_PERIPH  APB1 GRP1 PERIPH
 135:Drivers/STM32G4xx_HAL_Driver/Inc/stm32g4xx_ll_bus.h ****   * @{
 136:Drivers/STM32G4xx_HAL_Driver/Inc/stm32g4xx_ll_bus.h ****   */
 137:Drivers/STM32G4xx_HAL_Driver/Inc/stm32g4xx_ll_bus.h **** #define LL_APB1_GRP1_PERIPH_ALL            0xFFFFFFFFU
 138:Drivers/STM32G4xx_HAL_Driver/Inc/stm32g4xx_ll_bus.h **** #define LL_APB1_GRP1_PERIPH_TIM2           RCC_APB1ENR1_TIM2EN
 139:Drivers/STM32G4xx_HAL_Driver/Inc/stm32g4xx_ll_bus.h **** #define LL_APB1_GRP1_PERIPH_TIM3           RCC_APB1ENR1_TIM3EN
 140:Drivers/STM32G4xx_HAL_Driver/Inc/stm32g4xx_ll_bus.h **** #define LL_APB1_GRP1_PERIPH_TIM4           RCC_APB1ENR1_TIM4EN
 141:Drivers/STM32G4xx_HAL_Driver/Inc/stm32g4xx_ll_bus.h **** #if defined(TIM5)
 142:Drivers/STM32G4xx_HAL_Driver/Inc/stm32g4xx_ll_bus.h **** #define LL_APB1_GRP1_PERIPH_TIM5           RCC_APB1ENR1_TIM5EN
 143:Drivers/STM32G4xx_HAL_Driver/Inc/stm32g4xx_ll_bus.h **** #endif /* TIM5 */
 144:Drivers/STM32G4xx_HAL_Driver/Inc/stm32g4xx_ll_bus.h **** #define LL_APB1_GRP1_PERIPH_TIM6           RCC_APB1ENR1_TIM6EN
 145:Drivers/STM32G4xx_HAL_Driver/Inc/stm32g4xx_ll_bus.h **** #define LL_APB1_GRP1_PERIPH_TIM7           RCC_APB1ENR1_TIM7EN
 146:Drivers/STM32G4xx_HAL_Driver/Inc/stm32g4xx_ll_bus.h **** #define LL_APB1_GRP1_PERIPH_CRS            RCC_APB1ENR1_CRSEN
 147:Drivers/STM32G4xx_HAL_Driver/Inc/stm32g4xx_ll_bus.h **** #define LL_APB1_GRP1_PERIPH_RTCAPB         RCC_APB1ENR1_RTCAPBEN
 148:Drivers/STM32G4xx_HAL_Driver/Inc/stm32g4xx_ll_bus.h **** #define LL_APB1_GRP1_PERIPH_WWDG           RCC_APB1ENR1_WWDGEN
ARM GAS  /tmp/ccYaqmQI.s 			page 6


 149:Drivers/STM32G4xx_HAL_Driver/Inc/stm32g4xx_ll_bus.h **** #define LL_APB1_GRP1_PERIPH_SPI2           RCC_APB1ENR1_SPI2EN
 150:Drivers/STM32G4xx_HAL_Driver/Inc/stm32g4xx_ll_bus.h **** #define LL_APB1_GRP1_PERIPH_SPI3           RCC_APB1ENR1_SPI3EN
 151:Drivers/STM32G4xx_HAL_Driver/Inc/stm32g4xx_ll_bus.h **** #define LL_APB1_GRP1_PERIPH_USART2         RCC_APB1ENR1_USART2EN
 152:Drivers/STM32G4xx_HAL_Driver/Inc/stm32g4xx_ll_bus.h **** #define LL_APB1_GRP1_PERIPH_USART3         RCC_APB1ENR1_USART3EN
 153:Drivers/STM32G4xx_HAL_Driver/Inc/stm32g4xx_ll_bus.h **** #if defined(UART4)
 154:Drivers/STM32G4xx_HAL_Driver/Inc/stm32g4xx_ll_bus.h **** #define LL_APB1_GRP1_PERIPH_UART4          RCC_APB1ENR1_UART4EN
 155:Drivers/STM32G4xx_HAL_Driver/Inc/stm32g4xx_ll_bus.h **** #endif /* UART4 */
 156:Drivers/STM32G4xx_HAL_Driver/Inc/stm32g4xx_ll_bus.h **** #if defined(UART5)
 157:Drivers/STM32G4xx_HAL_Driver/Inc/stm32g4xx_ll_bus.h **** #define LL_APB1_GRP1_PERIPH_UART5          RCC_APB1ENR1_UART5EN
 158:Drivers/STM32G4xx_HAL_Driver/Inc/stm32g4xx_ll_bus.h **** #endif /* UART5 */
 159:Drivers/STM32G4xx_HAL_Driver/Inc/stm32g4xx_ll_bus.h **** #define LL_APB1_GRP1_PERIPH_I2C1           RCC_APB1ENR1_I2C1EN
 160:Drivers/STM32G4xx_HAL_Driver/Inc/stm32g4xx_ll_bus.h **** #define LL_APB1_GRP1_PERIPH_I2C2           RCC_APB1ENR1_I2C2EN
 161:Drivers/STM32G4xx_HAL_Driver/Inc/stm32g4xx_ll_bus.h **** #define LL_APB1_GRP1_PERIPH_USB            RCC_APB1ENR1_USBEN
 162:Drivers/STM32G4xx_HAL_Driver/Inc/stm32g4xx_ll_bus.h **** #if defined(FDCAN1)
 163:Drivers/STM32G4xx_HAL_Driver/Inc/stm32g4xx_ll_bus.h **** #define LL_APB1_GRP1_PERIPH_FDCAN          RCC_APB1ENR1_FDCANEN
 164:Drivers/STM32G4xx_HAL_Driver/Inc/stm32g4xx_ll_bus.h **** #endif /* FDCAN1 */
 165:Drivers/STM32G4xx_HAL_Driver/Inc/stm32g4xx_ll_bus.h **** #define LL_APB1_GRP1_PERIPH_PWR            RCC_APB1ENR1_PWREN
 166:Drivers/STM32G4xx_HAL_Driver/Inc/stm32g4xx_ll_bus.h **** #define LL_APB1_GRP1_PERIPH_I2C3           RCC_APB1ENR1_I2C3EN
 167:Drivers/STM32G4xx_HAL_Driver/Inc/stm32g4xx_ll_bus.h **** #define LL_APB1_GRP1_PERIPH_LPTIM1         RCC_APB1ENR1_LPTIM1EN
 168:Drivers/STM32G4xx_HAL_Driver/Inc/stm32g4xx_ll_bus.h **** /**
 169:Drivers/STM32G4xx_HAL_Driver/Inc/stm32g4xx_ll_bus.h ****   * @}
 170:Drivers/STM32G4xx_HAL_Driver/Inc/stm32g4xx_ll_bus.h ****   */
 171:Drivers/STM32G4xx_HAL_Driver/Inc/stm32g4xx_ll_bus.h **** 
 172:Drivers/STM32G4xx_HAL_Driver/Inc/stm32g4xx_ll_bus.h **** 
 173:Drivers/STM32G4xx_HAL_Driver/Inc/stm32g4xx_ll_bus.h **** /** @defgroup BUS_LL_EC_APB1_GRP2_PERIPH  APB1 GRP2 PERIPH
 174:Drivers/STM32G4xx_HAL_Driver/Inc/stm32g4xx_ll_bus.h ****   * @{
 175:Drivers/STM32G4xx_HAL_Driver/Inc/stm32g4xx_ll_bus.h ****   */
 176:Drivers/STM32G4xx_HAL_Driver/Inc/stm32g4xx_ll_bus.h **** #define LL_APB1_GRP2_PERIPH_ALL            0xFFFFFFFFU
 177:Drivers/STM32G4xx_HAL_Driver/Inc/stm32g4xx_ll_bus.h **** #define LL_APB1_GRP2_PERIPH_LPUART1        RCC_APB1ENR2_LPUART1EN
 178:Drivers/STM32G4xx_HAL_Driver/Inc/stm32g4xx_ll_bus.h **** #if defined(I2C4)
 179:Drivers/STM32G4xx_HAL_Driver/Inc/stm32g4xx_ll_bus.h **** #define LL_APB1_GRP2_PERIPH_I2C4           RCC_APB1ENR2_I2C4EN
 180:Drivers/STM32G4xx_HAL_Driver/Inc/stm32g4xx_ll_bus.h **** #endif /* I2C4 */
 181:Drivers/STM32G4xx_HAL_Driver/Inc/stm32g4xx_ll_bus.h **** #define LL_APB1_GRP2_PERIPH_UCPD1         RCC_APB1ENR2_UCPD1EN
 182:Drivers/STM32G4xx_HAL_Driver/Inc/stm32g4xx_ll_bus.h **** /**
 183:Drivers/STM32G4xx_HAL_Driver/Inc/stm32g4xx_ll_bus.h ****   * @}
 184:Drivers/STM32G4xx_HAL_Driver/Inc/stm32g4xx_ll_bus.h ****   */
 185:Drivers/STM32G4xx_HAL_Driver/Inc/stm32g4xx_ll_bus.h **** 
 186:Drivers/STM32G4xx_HAL_Driver/Inc/stm32g4xx_ll_bus.h **** /** @defgroup BUS_LL_EC_APB2_GRP1_PERIPH  APB2 GRP1 PERIPH
 187:Drivers/STM32G4xx_HAL_Driver/Inc/stm32g4xx_ll_bus.h ****   * @{
 188:Drivers/STM32G4xx_HAL_Driver/Inc/stm32g4xx_ll_bus.h ****   */
 189:Drivers/STM32G4xx_HAL_Driver/Inc/stm32g4xx_ll_bus.h **** #define LL_APB2_GRP1_PERIPH_ALL            0xFFFFFFFFU
 190:Drivers/STM32G4xx_HAL_Driver/Inc/stm32g4xx_ll_bus.h **** #define LL_APB2_GRP1_PERIPH_SYSCFG         RCC_APB2ENR_SYSCFGEN
 191:Drivers/STM32G4xx_HAL_Driver/Inc/stm32g4xx_ll_bus.h **** #define LL_APB2_GRP1_PERIPH_TIM1           RCC_APB2ENR_TIM1EN
 192:Drivers/STM32G4xx_HAL_Driver/Inc/stm32g4xx_ll_bus.h **** #define LL_APB2_GRP1_PERIPH_SPI1           RCC_APB2ENR_SPI1EN
 193:Drivers/STM32G4xx_HAL_Driver/Inc/stm32g4xx_ll_bus.h **** #define LL_APB2_GRP1_PERIPH_TIM8           RCC_APB2ENR_TIM8EN
 194:Drivers/STM32G4xx_HAL_Driver/Inc/stm32g4xx_ll_bus.h **** #define LL_APB2_GRP1_PERIPH_USART1         RCC_APB2ENR_USART1EN
 195:Drivers/STM32G4xx_HAL_Driver/Inc/stm32g4xx_ll_bus.h **** #if defined(SPI4)
 196:Drivers/STM32G4xx_HAL_Driver/Inc/stm32g4xx_ll_bus.h **** #define LL_APB2_GRP1_PERIPH_SPI4           RCC_APB2ENR_SPI4EN
 197:Drivers/STM32G4xx_HAL_Driver/Inc/stm32g4xx_ll_bus.h **** #endif /* SPI4 */
 198:Drivers/STM32G4xx_HAL_Driver/Inc/stm32g4xx_ll_bus.h **** #define LL_APB2_GRP1_PERIPH_TIM15          RCC_APB2ENR_TIM15EN
 199:Drivers/STM32G4xx_HAL_Driver/Inc/stm32g4xx_ll_bus.h **** #define LL_APB2_GRP1_PERIPH_TIM16          RCC_APB2ENR_TIM16EN
 200:Drivers/STM32G4xx_HAL_Driver/Inc/stm32g4xx_ll_bus.h **** #define LL_APB2_GRP1_PERIPH_TIM17          RCC_APB2ENR_TIM17EN
 201:Drivers/STM32G4xx_HAL_Driver/Inc/stm32g4xx_ll_bus.h **** #if defined(TIM20)
 202:Drivers/STM32G4xx_HAL_Driver/Inc/stm32g4xx_ll_bus.h **** #define LL_APB2_GRP1_PERIPH_TIM20          RCC_APB2ENR_TIM20EN
 203:Drivers/STM32G4xx_HAL_Driver/Inc/stm32g4xx_ll_bus.h **** #endif /* TIM20 */
 204:Drivers/STM32G4xx_HAL_Driver/Inc/stm32g4xx_ll_bus.h **** #define LL_APB2_GRP1_PERIPH_SAI1           RCC_APB2ENR_SAI1EN
 205:Drivers/STM32G4xx_HAL_Driver/Inc/stm32g4xx_ll_bus.h **** #if defined(HRTIM1)
ARM GAS  /tmp/ccYaqmQI.s 			page 7


 206:Drivers/STM32G4xx_HAL_Driver/Inc/stm32g4xx_ll_bus.h **** #define LL_APB2_GRP1_PERIPH_HRTIM1         RCC_APB2ENR_HRTIM1EN
 207:Drivers/STM32G4xx_HAL_Driver/Inc/stm32g4xx_ll_bus.h **** #endif /* HRTIM1 */
 208:Drivers/STM32G4xx_HAL_Driver/Inc/stm32g4xx_ll_bus.h **** /**
 209:Drivers/STM32G4xx_HAL_Driver/Inc/stm32g4xx_ll_bus.h ****   * @}
 210:Drivers/STM32G4xx_HAL_Driver/Inc/stm32g4xx_ll_bus.h ****   */
 211:Drivers/STM32G4xx_HAL_Driver/Inc/stm32g4xx_ll_bus.h **** 
 212:Drivers/STM32G4xx_HAL_Driver/Inc/stm32g4xx_ll_bus.h **** /**
 213:Drivers/STM32G4xx_HAL_Driver/Inc/stm32g4xx_ll_bus.h ****   * @}
 214:Drivers/STM32G4xx_HAL_Driver/Inc/stm32g4xx_ll_bus.h ****   */
 215:Drivers/STM32G4xx_HAL_Driver/Inc/stm32g4xx_ll_bus.h **** 
 216:Drivers/STM32G4xx_HAL_Driver/Inc/stm32g4xx_ll_bus.h **** /* Exported macro ------------------------------------------------------------*/
 217:Drivers/STM32G4xx_HAL_Driver/Inc/stm32g4xx_ll_bus.h **** /* Exported functions --------------------------------------------------------*/
 218:Drivers/STM32G4xx_HAL_Driver/Inc/stm32g4xx_ll_bus.h **** /** @defgroup BUS_LL_Exported_Functions BUS Exported Functions
 219:Drivers/STM32G4xx_HAL_Driver/Inc/stm32g4xx_ll_bus.h ****   * @{
 220:Drivers/STM32G4xx_HAL_Driver/Inc/stm32g4xx_ll_bus.h ****   */
 221:Drivers/STM32G4xx_HAL_Driver/Inc/stm32g4xx_ll_bus.h **** 
 222:Drivers/STM32G4xx_HAL_Driver/Inc/stm32g4xx_ll_bus.h **** /** @defgroup BUS_LL_EF_AHB1 AHB1
 223:Drivers/STM32G4xx_HAL_Driver/Inc/stm32g4xx_ll_bus.h ****   * @{
 224:Drivers/STM32G4xx_HAL_Driver/Inc/stm32g4xx_ll_bus.h ****   */
 225:Drivers/STM32G4xx_HAL_Driver/Inc/stm32g4xx_ll_bus.h **** 
 226:Drivers/STM32G4xx_HAL_Driver/Inc/stm32g4xx_ll_bus.h **** /**
 227:Drivers/STM32G4xx_HAL_Driver/Inc/stm32g4xx_ll_bus.h ****   * @brief  Enable AHB1 peripherals clock.
 228:Drivers/STM32G4xx_HAL_Driver/Inc/stm32g4xx_ll_bus.h ****   * @rmtoll AHB1ENR      DMA1EN        LL_AHB1_GRP1_EnableClock\n
 229:Drivers/STM32G4xx_HAL_Driver/Inc/stm32g4xx_ll_bus.h ****   *         AHB1ENR      DMA2EN        LL_AHB1_GRP1_EnableClock\n
 230:Drivers/STM32G4xx_HAL_Driver/Inc/stm32g4xx_ll_bus.h ****   *         AHB1ENR      DMAMMUXEN     LL_AHB1_GRP1_EnableClock\n
 231:Drivers/STM32G4xx_HAL_Driver/Inc/stm32g4xx_ll_bus.h ****   *         AHB1ENR      CORDICEN      LL_AHB1_GRP1_EnableClock\n
 232:Drivers/STM32G4xx_HAL_Driver/Inc/stm32g4xx_ll_bus.h ****   *         AHB1ENR      FMACEN        LL_AHB1_GRP1_EnableClock\n
 233:Drivers/STM32G4xx_HAL_Driver/Inc/stm32g4xx_ll_bus.h ****   *         AHB1ENR      FLASHEN       LL_AHB1_GRP1_EnableClock\n
 234:Drivers/STM32G4xx_HAL_Driver/Inc/stm32g4xx_ll_bus.h ****   *         AHB1ENR      CRCEN         LL_AHB1_GRP1_EnableClock
 235:Drivers/STM32G4xx_HAL_Driver/Inc/stm32g4xx_ll_bus.h ****   * @param  Periphs This parameter can be a combination of the following values:
 236:Drivers/STM32G4xx_HAL_Driver/Inc/stm32g4xx_ll_bus.h ****   *         @arg @ref LL_AHB1_GRP1_PERIPH_DMA1
 237:Drivers/STM32G4xx_HAL_Driver/Inc/stm32g4xx_ll_bus.h ****   *         @arg @ref LL_AHB1_GRP1_PERIPH_DMA2
 238:Drivers/STM32G4xx_HAL_Driver/Inc/stm32g4xx_ll_bus.h ****   *         @arg @ref LL_AHB1_GRP1_PERIPH_DMAMUX1
 239:Drivers/STM32G4xx_HAL_Driver/Inc/stm32g4xx_ll_bus.h ****   *         @arg @ref LL_AHB1_GRP1_PERIPH_CORDIC
 240:Drivers/STM32G4xx_HAL_Driver/Inc/stm32g4xx_ll_bus.h ****   *         @arg @ref LL_AHB1_GRP1_PERIPH_FMAC
 241:Drivers/STM32G4xx_HAL_Driver/Inc/stm32g4xx_ll_bus.h ****   *         @arg @ref LL_AHB1_GRP1_PERIPH_FLASH
 242:Drivers/STM32G4xx_HAL_Driver/Inc/stm32g4xx_ll_bus.h ****   *         @arg @ref LL_AHB1_GRP1_PERIPH_CRC
 243:Drivers/STM32G4xx_HAL_Driver/Inc/stm32g4xx_ll_bus.h ****   * @retval None
 244:Drivers/STM32G4xx_HAL_Driver/Inc/stm32g4xx_ll_bus.h ****   */
 245:Drivers/STM32G4xx_HAL_Driver/Inc/stm32g4xx_ll_bus.h **** __STATIC_INLINE void LL_AHB1_GRP1_EnableClock(uint32_t Periphs)
 246:Drivers/STM32G4xx_HAL_Driver/Inc/stm32g4xx_ll_bus.h **** {
 247:Drivers/STM32G4xx_HAL_Driver/Inc/stm32g4xx_ll_bus.h ****   __IO uint32_t tmpreg;
 248:Drivers/STM32G4xx_HAL_Driver/Inc/stm32g4xx_ll_bus.h ****   SET_BIT(RCC->AHB1ENR, Periphs);
 249:Drivers/STM32G4xx_HAL_Driver/Inc/stm32g4xx_ll_bus.h ****   /* Delay after an RCC peripheral clock enabling */
 250:Drivers/STM32G4xx_HAL_Driver/Inc/stm32g4xx_ll_bus.h ****   tmpreg = READ_BIT(RCC->AHB1ENR, Periphs);
 251:Drivers/STM32G4xx_HAL_Driver/Inc/stm32g4xx_ll_bus.h ****   (void)tmpreg;
 252:Drivers/STM32G4xx_HAL_Driver/Inc/stm32g4xx_ll_bus.h **** }
 253:Drivers/STM32G4xx_HAL_Driver/Inc/stm32g4xx_ll_bus.h **** 
 254:Drivers/STM32G4xx_HAL_Driver/Inc/stm32g4xx_ll_bus.h **** /**
 255:Drivers/STM32G4xx_HAL_Driver/Inc/stm32g4xx_ll_bus.h ****   * @brief  Check if AHB1 peripheral clock is enabled or not
 256:Drivers/STM32G4xx_HAL_Driver/Inc/stm32g4xx_ll_bus.h ****   * @rmtoll AHB1ENR      DMA1EN        LL_AHB1_GRP1_IsEnabledClock\n
 257:Drivers/STM32G4xx_HAL_Driver/Inc/stm32g4xx_ll_bus.h ****   *         AHB1ENR      DMA2EN        LL_AHB1_GRP1_IsEnabledClock\n
 258:Drivers/STM32G4xx_HAL_Driver/Inc/stm32g4xx_ll_bus.h ****   *         AHB1ENR      DMAMUXEN      LL_AHB1_GRP1_IsEnabledClock\n
 259:Drivers/STM32G4xx_HAL_Driver/Inc/stm32g4xx_ll_bus.h ****   *         AHB1ENR      CORDICEN      LL_AHB1_GRP1_IsEnabledClock\n
 260:Drivers/STM32G4xx_HAL_Driver/Inc/stm32g4xx_ll_bus.h ****   *         AHB1ENR      FMACEN        LL_AHB1_GRP1_IsEnabledClock\n
 261:Drivers/STM32G4xx_HAL_Driver/Inc/stm32g4xx_ll_bus.h ****   *         AHB1ENR      FLASHEN       LL_AHB1_GRP1_IsEnabledClock\n
 262:Drivers/STM32G4xx_HAL_Driver/Inc/stm32g4xx_ll_bus.h ****   *         AHB1ENR      CRCEN         LL_AHB1_GRP1_IsEnabledClock
ARM GAS  /tmp/ccYaqmQI.s 			page 8


 263:Drivers/STM32G4xx_HAL_Driver/Inc/stm32g4xx_ll_bus.h ****   * @param  Periphs This parameter can be a combination of the following values:
 264:Drivers/STM32G4xx_HAL_Driver/Inc/stm32g4xx_ll_bus.h ****   *         @arg @ref LL_AHB1_GRP1_PERIPH_DMA1
 265:Drivers/STM32G4xx_HAL_Driver/Inc/stm32g4xx_ll_bus.h ****   *         @arg @ref LL_AHB1_GRP1_PERIPH_DMA2
 266:Drivers/STM32G4xx_HAL_Driver/Inc/stm32g4xx_ll_bus.h ****   *         @arg @ref LL_AHB1_GRP1_PERIPH_DMAMUX1
 267:Drivers/STM32G4xx_HAL_Driver/Inc/stm32g4xx_ll_bus.h ****   *         @arg @ref LL_AHB1_GRP1_PERIPH_CORDIC
 268:Drivers/STM32G4xx_HAL_Driver/Inc/stm32g4xx_ll_bus.h ****   *         @arg @ref LL_AHB1_GRP1_PERIPH_FMAC
 269:Drivers/STM32G4xx_HAL_Driver/Inc/stm32g4xx_ll_bus.h ****   *         @arg @ref LL_AHB1_GRP1_PERIPH_FLASH
 270:Drivers/STM32G4xx_HAL_Driver/Inc/stm32g4xx_ll_bus.h ****   *         @arg @ref LL_AHB1_GRP1_PERIPH_CRC
 271:Drivers/STM32G4xx_HAL_Driver/Inc/stm32g4xx_ll_bus.h ****   * @retval State of Periphs (1 or 0).
 272:Drivers/STM32G4xx_HAL_Driver/Inc/stm32g4xx_ll_bus.h ****   */
 273:Drivers/STM32G4xx_HAL_Driver/Inc/stm32g4xx_ll_bus.h **** __STATIC_INLINE uint32_t LL_AHB1_GRP1_IsEnabledClock(uint32_t Periphs)
 274:Drivers/STM32G4xx_HAL_Driver/Inc/stm32g4xx_ll_bus.h **** {
 275:Drivers/STM32G4xx_HAL_Driver/Inc/stm32g4xx_ll_bus.h ****   return ((READ_BIT(RCC->AHB1ENR, Periphs) == Periphs) ? 1UL : 0UL);
 276:Drivers/STM32G4xx_HAL_Driver/Inc/stm32g4xx_ll_bus.h **** }
 277:Drivers/STM32G4xx_HAL_Driver/Inc/stm32g4xx_ll_bus.h **** 
 278:Drivers/STM32G4xx_HAL_Driver/Inc/stm32g4xx_ll_bus.h **** /**
 279:Drivers/STM32G4xx_HAL_Driver/Inc/stm32g4xx_ll_bus.h ****   * @brief  Disable AHB1 peripherals clock.
 280:Drivers/STM32G4xx_HAL_Driver/Inc/stm32g4xx_ll_bus.h ****   * @rmtoll AHB1ENR      DMA1EN        LL_AHB1_GRP1_DisableClock\n
 281:Drivers/STM32G4xx_HAL_Driver/Inc/stm32g4xx_ll_bus.h ****   *         AHB1ENR      DMA2EN        LL_AHB1_GRP1_DisableClock\n
 282:Drivers/STM32G4xx_HAL_Driver/Inc/stm32g4xx_ll_bus.h ****   *         AHB1ENR      DMAMUXEN      LL_AHB1_GRP1_DisableClock\n
 283:Drivers/STM32G4xx_HAL_Driver/Inc/stm32g4xx_ll_bus.h ****   *         AHB1ENR      CORDICEN      LL_AHB1_GRP1_DisableClock\n
 284:Drivers/STM32G4xx_HAL_Driver/Inc/stm32g4xx_ll_bus.h ****   *         AHB1ENR      FMACEN        LL_AHB1_GRP1_DisableClock\n
 285:Drivers/STM32G4xx_HAL_Driver/Inc/stm32g4xx_ll_bus.h ****   *         AHB1ENR      FLASHEN       LL_AHB1_GRP1_DisableClock\n
 286:Drivers/STM32G4xx_HAL_Driver/Inc/stm32g4xx_ll_bus.h ****   *         AHB1ENR      CRCEN         LL_AHB1_GRP1_DisableClock
 287:Drivers/STM32G4xx_HAL_Driver/Inc/stm32g4xx_ll_bus.h ****   * @param  Periphs This parameter can be a combination of the following values:
 288:Drivers/STM32G4xx_HAL_Driver/Inc/stm32g4xx_ll_bus.h ****   *         @arg @ref LL_AHB1_GRP1_PERIPH_DMA1
 289:Drivers/STM32G4xx_HAL_Driver/Inc/stm32g4xx_ll_bus.h ****   *         @arg @ref LL_AHB1_GRP1_PERIPH_DMA2
 290:Drivers/STM32G4xx_HAL_Driver/Inc/stm32g4xx_ll_bus.h ****   *         @arg @ref LL_AHB1_GRP1_PERIPH_DMAMUX1
 291:Drivers/STM32G4xx_HAL_Driver/Inc/stm32g4xx_ll_bus.h ****   *         @arg @ref LL_AHB1_GRP1_PERIPH_CORDIC
 292:Drivers/STM32G4xx_HAL_Driver/Inc/stm32g4xx_ll_bus.h ****   *         @arg @ref LL_AHB1_GRP1_PERIPH_FMAC
 293:Drivers/STM32G4xx_HAL_Driver/Inc/stm32g4xx_ll_bus.h ****   *         @arg @ref LL_AHB1_GRP1_PERIPH_FLASH
 294:Drivers/STM32G4xx_HAL_Driver/Inc/stm32g4xx_ll_bus.h ****   *         @arg @ref LL_AHB1_GRP1_PERIPH_CRC
 295:Drivers/STM32G4xx_HAL_Driver/Inc/stm32g4xx_ll_bus.h ****   * @retval None
 296:Drivers/STM32G4xx_HAL_Driver/Inc/stm32g4xx_ll_bus.h ****   */
 297:Drivers/STM32G4xx_HAL_Driver/Inc/stm32g4xx_ll_bus.h **** __STATIC_INLINE void LL_AHB1_GRP1_DisableClock(uint32_t Periphs)
 298:Drivers/STM32G4xx_HAL_Driver/Inc/stm32g4xx_ll_bus.h **** {
 299:Drivers/STM32G4xx_HAL_Driver/Inc/stm32g4xx_ll_bus.h ****   CLEAR_BIT(RCC->AHB1ENR, Periphs);
 300:Drivers/STM32G4xx_HAL_Driver/Inc/stm32g4xx_ll_bus.h **** }
 301:Drivers/STM32G4xx_HAL_Driver/Inc/stm32g4xx_ll_bus.h **** 
 302:Drivers/STM32G4xx_HAL_Driver/Inc/stm32g4xx_ll_bus.h **** /**
 303:Drivers/STM32G4xx_HAL_Driver/Inc/stm32g4xx_ll_bus.h ****   * @brief  Force AHB1 peripherals reset.
 304:Drivers/STM32G4xx_HAL_Driver/Inc/stm32g4xx_ll_bus.h ****   * @rmtoll AHB1RSTR     DMA1RST       LL_AHB1_GRP1_ForceReset\n
 305:Drivers/STM32G4xx_HAL_Driver/Inc/stm32g4xx_ll_bus.h ****   *         AHB1RSTR     DMA2RST       LL_AHB1_GRP1_ForceReset\n
 306:Drivers/STM32G4xx_HAL_Driver/Inc/stm32g4xx_ll_bus.h ****   *         AHB1RSTR     DMAMUXRST     LL_AHB1_GRP1_ForceReset\n
 307:Drivers/STM32G4xx_HAL_Driver/Inc/stm32g4xx_ll_bus.h ****   *         AHB1RSTR     CORDICRST     LL_AHB1_GRP1_ForceReset\n
 308:Drivers/STM32G4xx_HAL_Driver/Inc/stm32g4xx_ll_bus.h ****   *         AHB1RSTR     FMACRST       LL_AHB1_GRP1_ForceReset\n
 309:Drivers/STM32G4xx_HAL_Driver/Inc/stm32g4xx_ll_bus.h ****   *         AHB1RSTR     FLASHRST      LL_AHB1_GRP1_ForceReset\n
 310:Drivers/STM32G4xx_HAL_Driver/Inc/stm32g4xx_ll_bus.h ****   *         AHB1RSTR     CRCRST        LL_AHB1_GRP1_ForceReset
 311:Drivers/STM32G4xx_HAL_Driver/Inc/stm32g4xx_ll_bus.h ****   * @param  Periphs This parameter can be a combination of the following values:
 312:Drivers/STM32G4xx_HAL_Driver/Inc/stm32g4xx_ll_bus.h ****   *         @arg @ref LL_AHB1_GRP1_PERIPH_ALL
 313:Drivers/STM32G4xx_HAL_Driver/Inc/stm32g4xx_ll_bus.h ****   *         @arg @ref LL_AHB1_GRP1_PERIPH_DMA1
 314:Drivers/STM32G4xx_HAL_Driver/Inc/stm32g4xx_ll_bus.h ****   *         @arg @ref LL_AHB1_GRP1_PERIPH_DMA2
 315:Drivers/STM32G4xx_HAL_Driver/Inc/stm32g4xx_ll_bus.h ****   *         @arg @ref LL_AHB1_GRP1_PERIPH_DMAMUX1
 316:Drivers/STM32G4xx_HAL_Driver/Inc/stm32g4xx_ll_bus.h ****   *         @arg @ref LL_AHB1_GRP1_PERIPH_CORDIC
 317:Drivers/STM32G4xx_HAL_Driver/Inc/stm32g4xx_ll_bus.h ****   *         @arg @ref LL_AHB1_GRP1_PERIPH_FMAC
 318:Drivers/STM32G4xx_HAL_Driver/Inc/stm32g4xx_ll_bus.h ****   *         @arg @ref LL_AHB1_GRP1_PERIPH_FLASH
 319:Drivers/STM32G4xx_HAL_Driver/Inc/stm32g4xx_ll_bus.h ****   *         @arg @ref LL_AHB1_GRP1_PERIPH_CRC
ARM GAS  /tmp/ccYaqmQI.s 			page 9


 320:Drivers/STM32G4xx_HAL_Driver/Inc/stm32g4xx_ll_bus.h ****   * @retval None
 321:Drivers/STM32G4xx_HAL_Driver/Inc/stm32g4xx_ll_bus.h ****   */
 322:Drivers/STM32G4xx_HAL_Driver/Inc/stm32g4xx_ll_bus.h **** __STATIC_INLINE void LL_AHB1_GRP1_ForceReset(uint32_t Periphs)
  55              		.loc 2 322 22 view .LVU9
  56              	.LBB7:
 323:Drivers/STM32G4xx_HAL_Driver/Inc/stm32g4xx_ll_bus.h **** {
 324:Drivers/STM32G4xx_HAL_Driver/Inc/stm32g4xx_ll_bus.h ****   SET_BIT(RCC->AHB1RSTR, Periphs);
  57              		.loc 2 324 3 view .LVU10
  58 000a D3F82824 		ldr	r2, [r3, #1064]
  59 000e 42F00802 		orr	r2, r2, #8
  60 0012 C3F82824 		str	r2, [r3, #1064]
  61              	.LVL3:
  62              		.loc 2 324 3 is_stmt 0 view .LVU11
  63              	.LBE7:
  64              	.LBE6:
  75:Drivers/STM32G4xx_HAL_Driver/Src/stm32g4xx_ll_cordic.c ****   }
  65              		.loc 1 75 5 is_stmt 1 view .LVU12
  66              	.LBB8:
  67              	.LBI8:
 325:Drivers/STM32G4xx_HAL_Driver/Inc/stm32g4xx_ll_bus.h **** }
 326:Drivers/STM32G4xx_HAL_Driver/Inc/stm32g4xx_ll_bus.h **** 
 327:Drivers/STM32G4xx_HAL_Driver/Inc/stm32g4xx_ll_bus.h **** /**
 328:Drivers/STM32G4xx_HAL_Driver/Inc/stm32g4xx_ll_bus.h ****   * @brief  Release AHB1 peripherals reset.
 329:Drivers/STM32G4xx_HAL_Driver/Inc/stm32g4xx_ll_bus.h ****   * @rmtoll AHB1RSTR     DMA1RST       LL_AHB1_GRP1_ReleaseReset\n
 330:Drivers/STM32G4xx_HAL_Driver/Inc/stm32g4xx_ll_bus.h ****   *         AHB1RSTR     DMA2RST       LL_AHB1_GRP1_ReleaseReset\n
 331:Drivers/STM32G4xx_HAL_Driver/Inc/stm32g4xx_ll_bus.h ****   *         AHB1RSTR     DMAMUXRST     LL_AHB1_GRP1_ReleaseReset\n
 332:Drivers/STM32G4xx_HAL_Driver/Inc/stm32g4xx_ll_bus.h ****   *         AHB1RSTR     CORDICRST     LL_AHB1_GRP1_ReleaseReset\n
 333:Drivers/STM32G4xx_HAL_Driver/Inc/stm32g4xx_ll_bus.h ****   *         AHB1RSTR     FMACRST       LL_AHB1_GRP1_ReleaseReset\n
 334:Drivers/STM32G4xx_HAL_Driver/Inc/stm32g4xx_ll_bus.h ****   *         AHB1RSTR     FLASHRST      LL_AHB1_GRP1_ReleaseReset\n
 335:Drivers/STM32G4xx_HAL_Driver/Inc/stm32g4xx_ll_bus.h ****   *         AHB1RSTR     CRCRST        LL_AHB1_GRP1_ReleaseReset
 336:Drivers/STM32G4xx_HAL_Driver/Inc/stm32g4xx_ll_bus.h ****   * @param  Periphs This parameter can be a combination of the following values:
 337:Drivers/STM32G4xx_HAL_Driver/Inc/stm32g4xx_ll_bus.h ****   *         @arg @ref LL_AHB1_GRP1_PERIPH_ALL
 338:Drivers/STM32G4xx_HAL_Driver/Inc/stm32g4xx_ll_bus.h ****   *         @arg @ref LL_AHB1_GRP1_PERIPH_DMA1
 339:Drivers/STM32G4xx_HAL_Driver/Inc/stm32g4xx_ll_bus.h ****   *         @arg @ref LL_AHB1_GRP1_PERIPH_DMA2
 340:Drivers/STM32G4xx_HAL_Driver/Inc/stm32g4xx_ll_bus.h ****   *         @arg @ref LL_AHB1_GRP1_PERIPH_DMAMUX1
 341:Drivers/STM32G4xx_HAL_Driver/Inc/stm32g4xx_ll_bus.h ****   *         @arg @ref LL_AHB1_GRP1_PERIPH_CORDIC
 342:Drivers/STM32G4xx_HAL_Driver/Inc/stm32g4xx_ll_bus.h ****   *         @arg @ref LL_AHB1_GRP1_PERIPH_FMAC
 343:Drivers/STM32G4xx_HAL_Driver/Inc/stm32g4xx_ll_bus.h ****   *         @arg @ref LL_AHB1_GRP1_PERIPH_FLASH
 344:Drivers/STM32G4xx_HAL_Driver/Inc/stm32g4xx_ll_bus.h ****   *         @arg @ref LL_AHB1_GRP1_PERIPH_CRC
 345:Drivers/STM32G4xx_HAL_Driver/Inc/stm32g4xx_ll_bus.h ****   * @retval None
 346:Drivers/STM32G4xx_HAL_Driver/Inc/stm32g4xx_ll_bus.h ****   */
 347:Drivers/STM32G4xx_HAL_Driver/Inc/stm32g4xx_ll_bus.h **** __STATIC_INLINE void LL_AHB1_GRP1_ReleaseReset(uint32_t Periphs)
  68              		.loc 2 347 22 view .LVU13
  69              	.LBB9:
 348:Drivers/STM32G4xx_HAL_Driver/Inc/stm32g4xx_ll_bus.h **** {
 349:Drivers/STM32G4xx_HAL_Driver/Inc/stm32g4xx_ll_bus.h ****   CLEAR_BIT(RCC->AHB1RSTR, Periphs);
  70              		.loc 2 349 3 view .LVU14
  71 0016 D3F82824 		ldr	r2, [r3, #1064]
  72 001a 22F00802 		bic	r2, r2, #8
  73 001e C3F82824 		str	r2, [r3, #1064]
  74              	.LBE9:
  75              	.LBE8:
  64:Drivers/STM32G4xx_HAL_Driver/Src/stm32g4xx_ll_cordic.c **** 
  76              		.loc 1 64 15 is_stmt 0 view .LVU15
  77 0022 0020     		movs	r0, #0
  78              	.LVL4:
  79              	.LBB11:
ARM GAS  /tmp/ccYaqmQI.s 			page 10


  80              	.LBB10:
 350:Drivers/STM32G4xx_HAL_Driver/Inc/stm32g4xx_ll_bus.h **** }
  81              		.loc 2 350 1 view .LVU16
  82 0024 7047     		bx	lr
  83              	.L7:
  84 0026 00BF     		.align	2
  85              	.L6:
  86 0028 000C0240 		.word	1073875968
  87              	.LBE10:
  88              	.LBE11:
  89              		.cfi_endproc
  90              	.LFE399:
  92              		.text
  93              	.Letext0:
  94              		.file 3 "/usr/lib/gcc/arm-none-eabi/9.2.1/include/stdint.h"
  95              		.file 4 "Drivers/CMSIS/Include/core_cm4.h"
  96              		.file 5 "Drivers/CMSIS/Device/ST/STM32G4xx/Include/system_stm32g4xx.h"
  97              		.file 6 "Drivers/CMSIS/Device/ST/STM32G4xx/Include/stm32g474xx.h"
  98              		.file 7 "Drivers/CMSIS/Device/ST/STM32G4xx/Include/stm32g4xx.h"
  99              		.file 8 "Drivers/STM32G4xx_HAL_Driver/Inc/stm32g4xx_hal_def.h"
 100              		.file 9 "Drivers/STM32G4xx_HAL_Driver/Inc/stm32g4xx_hal_flash.h"
 101              		.file 10 "Drivers/STM32G4xx_HAL_Driver/Inc/stm32g4xx_hal.h"
ARM GAS  /tmp/ccYaqmQI.s 			page 11


DEFINED SYMBOLS
                            *ABS*:0000000000000000 stm32g4xx_ll_cordic.c
     /tmp/ccYaqmQI.s:18     .text.LL_CORDIC_DeInit:0000000000000000 $t
     /tmp/ccYaqmQI.s:27     .text.LL_CORDIC_DeInit:0000000000000000 LL_CORDIC_DeInit
     /tmp/ccYaqmQI.s:86     .text.LL_CORDIC_DeInit:0000000000000028 $d

NO UNDEFINED SYMBOLS
